\o Program:		@(#)$CDS: libManager version 6.1.8 - CAT37 08/30/2023 13:17 (sjfdcl1037) $
\o Sub version:		sub-version  s342 
\o Arguments:		-unmapped -mpssession virtuoso25402 -mpshost ecellvm-15.engr.ucsb.edu -ADVM 
\o Working Directory:	ecellvm-15.engr.ucsb.edu:/fs/student/nkapasi/finalECE122A
\o 64-bit offsets
\o Qt version: 		5.9.1
\o MPS virtuoso types registered: 65
\o changeWorkingDir("/fs/student/nkapasi/finalECE122A") unnecessary.
\o ddSetForcedLib("") unnecessary.
\o MPS request: update library list
\o Log file is "/fs/student/nkapasi/finalECE122A/libManager.log".
\o Opening libManager window.
\a nrSetWindowVisibility(cdsLibManager "show")
\o MPS service: map window
\o Library Manager customization server connected.
\a nrSetCurrentWindow(cdsLibManager)
\w Warning: The directory: '/fs/ece/PDKs/theogarajan/Skywater130_PDK/Skywater130/sky130_scl_9T_0.0.5/oa/SkywaterSCL' does not exist
\w 	but was defined in libFile '/fs/student/nkapasi/finalECE122A/cds.lib' for Lib 'SkywaterSCL'.
\a nrResizeWindow(cdsLibManager list(362 332 803 440))
\a cdsLibManager->libListBox->value = "sky130_fd_pr_main"
\a cdsLibManager->libLineEdit->value = "sky130_fd_pr_main"
\a nrListItemAction(cdsLibManager->libListBox "sky130_fd_pr_main" 0)
\a cdsLibManager->libListBox->value = "basic"
\a cdsLibManager->libLineEdit->value = "basic"
\a cdsLibManager->libListBox->value = "cdsDefTechLib"
\a cdsLibManager->libLineEdit->value = "cdsDefTechLib"
\a cdsLibManager->libListBox->value = "basic"
\a cdsLibManager->libLineEdit->value = "basic"
\a cdsLibManager->libListBox->value = "analogLib"
\a cdsLibManager->libLineEdit->value = "analogLib"
\a cdsLibManager->libListBox->value = "cdsDefTechLib"
\a cdsLibManager->libLineEdit->value = "cdsDefTechLib"
\a cdsLibManager->libListBox->value = "sky130_fd_pr_main"
\a cdsLibManager->libLineEdit->value = "sky130_fd_pr_main"
\a cdsLibManager->libListBox->value = "basic"
\a cdsLibManager->libLineEdit->value = "basic"
\a cdsLibManager->libListBox->value = "analogLib"
\a cdsLibManager->libLineEdit->value = "analogLib"
\a cdsLibManager->libListBox->value = "cdsDefTechLib"
\a cdsLibManager->libLineEdit->value = "cdsDefTechLib"
\o MPS request: update library list
\a cdsLibManager->libListBox->value = nil
\a cdsLibManager->libLineEdit->value = ""
\a cdsLibManager->libListBox->value = "cdsDefTechLib"
\a cdsLibManager->libLineEdit->value = "cdsDefTechLib"
\a nrSetCurrentWindow(cdsLibManager)
\a cdsLibManager->libListBox->value = "sky130_scl_9T"
\a cdsLibManager->libLineEdit->value = "sky130_scl_9T"
\a nrListItemAction(cdsLibManager->libListBox "sky130_scl_9T" 0)
\a cdsLibManager->cellListBox->value = "OAI211X1"
\a cdsLibManager->cellLineEdit->value = "OAI211X1"
\o MPS request: edit design
\a nrListItemAction(cdsLibManager->cellListBox 84 0)
\a cdsLibManager->libListBox->value = nil
\a cdsLibManager->libLineEdit->value = ""
\a cdsLibManager->cellLineEdit->value = ""
\a cdsLibManager->cellListBox->value = nil
\a cdsLibManager->libListBox->value = "sky130_scl_9T"
\a cdsLibManager->libLineEdit->value = "sky130_scl_9T"
\a cdsLibManager->cellListBox->value = "OAI211X1"
\a cdsLibManager->cellLineEdit->value = "OAI211X1"
\a nrSetCurrentWindow(cdsLibManager)
\a nrSetWindowVisibility(cdsLibManager "hide")
\a _lmgrCloseIconify("cdsLibManager" 1)
\a cdsLibManager->libListBox->value = nil
\a cdsLibManager->libLineEdit->value = ""
\a cdsLibManager->cellListBox->value = nil
\a cdsLibManager->cellLineEdit->value = ""
\a cdsLibManager->libListBox->value = "sky130_scl_9T"
\a cdsLibManager->libLineEdit->value = "sky130_scl_9T"
\a cdsLibManager->cellListBox->value = "OAI211X1"
\a cdsLibManager->cellLineEdit->value = "OAI211X1"
