[Simulation Monitor: 2]
[2024-12-10 23:11:25.076 -0800] [PROCESS] [cadence.virtuoso.ade.simulationMonitor] - Simulation Monitor has successfully started up. Trying to set up communication channels to other components ... {"hostname": "ecellvm-20.engr.ucsb.edu", "processid": 44688, "logfile": "/fs/student/mdtang/finalECE122A/logs_mdtang/logs0/Job2.log"}
[2024-12-10 23:11:25.079 -0800] [PROCESS] [cadence.virtuoso.ade.simulationMonitor] - Communication channels have been successfully set up. Start processing events ... {"hostname": "ecellvm-20.engr.ucsb.edu", "processid": 44688, "logfile": "/fs/student/mdtang/finalECE122A/logs_mdtang/logs0/Job2.log"}
[2024-12-10 23:11:25.080 -0800] [PROCESS] [cadence.virtuoso.ade.simulationMonitor] - Considering to start history {"hostname": "ecellvm-20.engr.ucsb.edu", "processid": 44688, "history": "Interactive.0", "logfile": "/fs/student/mdtang/finalECE122A/logs_mdtang/logs0/Job2.log"}
[2024-12-10 23:11:25.084 -0800] [PROCESS] [cadence.virtuoso.ade.simulationMonitor] - HostInfo:
Host name (type):	ecellvm-20.engr.ucsb.edu (x86_64)
Operating system:	Linux 4.18.0-553.30.1.el8_10.x86_64 #1 SMP Tue Nov 26 18:56:25 UTC 2024 {"hostname": "ecellvm-20.engr.ucsb.edu", "processid": 44688, "history": "Interactive.0", "logfile": "/fs/student/mdtang/finalECE122A/logs_mdtang/logs0/Job2.log", "nodename": "ecellvm-20.engr.ucsb.edu", "domainname": "(none)", "machine": "x86_64", "sysname": "Linux", "release": "4.18.0-553.30.1.el8_10.x86_64", "version": "#1 SMP Tue Nov 26 18:56:25 UTC 2024"}
[2024-12-10 23:11:25.085 -0800] [PROCESS] [cadence.virtuoso.ade.simulationMonitor] - UsageInfo:
pid=44688
totalPhysicalMemory=15.640755GB,Used=8.920704GB,totalVirtualMemory=18.843876GB,Used=8.920704GB
Cpu: Cores=8, Load average:0.570000,0.690000,0.790000 {"hostname": "ecellvm-20.engr.ucsb.edu", "processid": 44688, "history": "Interactive.0", "logfile": "/fs/student/mdtang/finalECE122A/logs_mdtang/logs0/Job2.log", "pid": "44688", "totalPhysicalMemory": "15.640755", "physicalMemoryUsed": "8.920704", "totalVirtualMemory": "18.843876", "virtualMemoryUsed": "8.920704", "cpuCores": "8", "processes": "1585", "loadAverage1": "0.570000", "loadAverage5": "0.690000", "loadAverage15": "0.790000", "loadAverage1Percent": "0.071250"}
[2024-12-10 23:11:25.096 -0800] [EVENT] [cadence.virtuoso.ade.simulationMonitor] - NewPoint {"history": "Interactive.0", "point": 1, "testname": "adder_carry-save_tb_1", "cornername": "Nominal", "event": "NewPoint", "EventSource": "Simulation Monitor", "HistoryName": "Interactive.0", "logFile": "/fs/student/mdtang/finalECE122A/logs_mdtang/logs0/Job2.log", "logFileSize": "2259"}
[2024-12-10 23:11:25.199 -0800] [EVENT] [cadence.virtuoso.ade.simulationMonitor] - NewPoint {"history": "Interactive.0", "point": 1, "testname": "adder_carry-save_tb_1", "cornername": "Nominal", "event": "NewPoint", "EventSource": "spectre", "HistoryName": "Interactive.0", "logFile": "/fs/student/mdtang/simulation/adder/carry-save_tb/maestro/results/maestro/Interactive.0/1/adder_carry-save_tb_1/psf/spectre.out", "logFileSize": "-1"}
[2024-12-10 23:11:25.271 -0800] [PROCESS] [cadence.virtuoso.ade.simulationMonitor] - Simulator launched {"hostname": "ecellvm-20.engr.ucsb.edu", "processid": 44688, "history": "Interactive.0", "testname": "adder_carry-save_tb_1", "cornername": "Nominal", "point": 1, "logfile": "/fs/student/mdtang/finalECE122A/logs_mdtang/logs0/Job2.log", "simid": "1"}
[2024-12-10 23:11:25.279 -0800] [PROCESS] [cadence.virtuoso.ade.simulationMonitor] - Expression evaluator launched {"hostname": "ecellvm-20.engr.ucsb.edu", "processid": 44688, "history": "Interactive.0", "testname": "adder_carry-save_tb_1", "cornername": "Nominal", "point": 1, "logfile": "/fs/student/mdtang/finalECE122A/logs_mdtang/logs0/Job2.log"}
[2024-12-10 23:11:25.401 -0800] [PROCESS] [cadence.virtuoso.ade.simulationMonitor] - Started Simulation {"hostname": "ecellvm-20.engr.ucsb.edu", "processid": 44688, "history": "Interactive.0", "testname": "adder_carry-save_tb_1", "cornername": "Nominal", "point": 1, "logfile": "/fs/student/mdtang/finalECE122A/logs_mdtang/logs0/Job2.log", "event": "started", "task": "simulation"}
[2024-12-10 23:11:28.412 -0800] [INFO] [cadence.virtuoso.ade.simulationMonitor] - Peak resident memory used = 126 Mbytes. {"history": "Interactive.0", "point": 1, "testname": "adder_carry-save_tb_1", "cornername": "Nominal"}
[2024-12-10 23:11:28.412 -0800] [INFO] [cadence.virtuoso.ade.simulationMonitor] - Peak resident memory used = 140 Mbytes. {"history": "Interactive.0", "point": 1, "testname": "adder_carry-save_tb_1", "cornername": "Nominal"}
[2024-12-10 23:11:28.412 -0800] [WARN] [cadence.virtuoso.ade.simulationMonitor] -     WARNING (SPECTRE-17101): The value 'psf' specified for the 'checklimitdest' option will no longer be supported in future releases. Use 'spectre -h' to see other recommended values for the 'checklimitdest' option. {"history": "Interactive.0", "point": 1, "testname": "adder_carry-save_tb_1", "cornername": "Nominal"}
[2024-12-10 23:11:28.412 -0800] [INFO] [cadence.virtuoso.ade.simulationMonitor] - Peak resident memory used = 143 Mbytes. {"history": "Interactive.0", "point": 1, "testname": "adder_carry-save_tb_1", "cornername": "Nominal"}
[2024-12-10 23:11:28.413 -0800] [INFO] [cadence.virtuoso.ade.simulationMonitor] - Notice from spectre during topology check.
    No DC path from node `I0.I31.mn9.msky130_fd_pr__nfet_01v8:sbnode' to ground, Gmin installed to provide path.
    No DC path from node `net8' to ground, Gmin installed to provide path.
    No DC path from node `net7' to ground, Gmin installed to provide path.
    No DC path from node `net6' to ground, Gmin installed to provide path.
    No DC path from node `net5' to ground, Gmin installed to provide path.
        Further occurrences of this notice will be supp... {"history": "Interactive.0", "point": 1, "testname": "adder_carry-save_tb_1", "cornername": "Nominal"}
[2024-12-10 23:11:28.942 -0800] [INFO] [cadence.virtuoso.ade.simulationMonitor] -               nodes 238 {"history": "Interactive.0", "point": 1, "testname": "adder_carry-save_tb_1", "cornername": "Nominal"}
[2024-12-10 23:11:28.947 -0800] [INFO] [cadence.virtuoso.ade.simulationMonitor] - Notice from spectre during initial setup.
    1 vsources are short because their absolute value is less than or equal to 'vabsshort'.
    APS Enabled.
    6 notices suppressed.
    Multithreading Enabled: 8 threads in the system with 8 available processors. {"history": "Interactive.0", "point": 1, "testname": "adder_carry-save_tb_1", "cornername": "Nominal"}
[2024-12-10 23:11:28.948 -0800] [INFO] [cadence.virtuoso.ade.simulationMonitor] - Peak resident memory used = 151 Mbytes. {"history": "Interactive.0", "point": 1, "testname": "adder_carry-save_tb_1", "cornername": "Nominal"}
[2024-12-10 23:11:28.948 -0800] [INFO] [cadence.virtuoso.ade.simulationMonitor] - Total time required for tran analysis `tran': CPU = 291.037 ms, elapsed = 214.249 ms. {"history": "Interactive.0", "point": 1, "testname": "adder_carry-save_tb_1", "cornername": "Nominal"}
[2024-12-10 23:11:28.948 -0800] [INFO] [cadence.virtuoso.ade.simulationMonitor] - Peak resident memory used = 161 Mbytes. {"history": "Interactive.0", "point": 1, "testname": "adder_carry-save_tb_1", "cornername": "Nominal"}
[2024-12-10 23:11:29.449 -0800] [INFO] [cadence.virtuoso.ade.simulationMonitor] - Time used: CPU = 1.62 s, elapsed = 2.85 s, util. = 56.9%. {"history": "Interactive.0", "point": 1, "testname": "adder_carry-save_tb_1", "cornername": "Nominal"}
[2024-12-10 23:11:29.449 -0800] [INFO] [cadence.virtuoso.ade.simulationMonitor] - Time spent in licensing: elapsed = 127 ms. {"history": "Interactive.0", "point": 1, "testname": "adder_carry-save_tb_1", "cornername": "Nominal"}
[2024-12-10 23:11:29.456 -0800] [INFO] [cadence.virtuoso.ade.simulationMonitor] - Peak memory used = 170 Mbytes. {"history": "Interactive.0", "point": 1, "testname": "adder_carry-save_tb_1", "cornername": "Nominal"}
[2024-12-10 23:11:29.477 -0800] [PROCESS] [cadence.virtuoso.ade.simulationMonitor] - Simulation started at: 11:11:26 PM, Tue Dec 10, 2024, ended at: 11:11:28 PM, Tue Dec 10, 2024, with elapsed time (wall clock): 2.85 s. {"history": "Interactive.0", "point": 1, "testname": "adder_carry-save_tb_1", "cornername": "Nominal"}
[2024-12-10 23:11:29.478 -0800] [PROCESS] [cadence.virtuoso.ade.simulationMonitor] - spectre completes with 0 errors, 1 warning, and 10 notices. {"history": "Interactive.0", "point": 1, "testname": "adder_carry-save_tb_1", "cornername": "Nominal"}
[2024-12-10 23:11:29.478 -0800] [PROCESS] [cadence.virtuoso.ade.simulationMonitor] - Finished simulating for one point {"hostname": "ecellvm-20.engr.ucsb.edu", "processid": 44688, "history": "Interactive.0", "testname": "adder_carry-save_tb_1", "cornername": "Nominal", "point": 1, "logfile": "/fs/student/mdtang/finalECE122A/logs_mdtang/logs0/Job2.log", "simid": "1"}
[2024-12-10 23:11:29.478 -0800] [PROCESS] [cadence.virtuoso.ade.simulationMonitor] - Simulator exited {"hostname": "ecellvm-20.engr.ucsb.edu", "processid": 44688, "history": "Interactive.0", "testname": "adder_carry-save_tb_1", "cornername": "Nominal", "point": 1, "logfile": "/fs/student/mdtang/finalECE122A/logs_mdtang/logs0/Job2.log", "exitStatus": "0"}
[2024-12-10 23:11:29.478 -0800] [PROCESS] [cadence.virtuoso.ade.simulationMonitor] - Finished Simulation {"hostname": "ecellvm-20.engr.ucsb.edu", "processid": 44688, "history": "Interactive.0", "testname": "adder_carry-save_tb_1", "cornername": "Nominal", "point": 1, "logfile": "/fs/student/mdtang/finalECE122A/logs_mdtang/logs0/Job2.log", "simid": "1"}
[2024-12-10 23:11:31.509 -0800] [PROCESS] [cadence.virtuoso.ade.simulationMonitor] - Point Finished {"hostname": "ecellvm-20.engr.ucsb.edu", "processid": 44688, "history": "Interactive.0", "testname": "adder_carry-save_tb_1", "cornername": "Nominal", "point": 1, "logfile": "/fs/student/mdtang/finalECE122A/logs_mdtang/logs0/Job2.log"}
[2024-12-10 23:15:47.552 -0800] [PROCESS] [cadence.virtuoso.ade.simulationMonitor] - Started History {"hostname": "ecellvm-20.engr.ucsb.edu", "processid": 44688, "history": "Interactive.1", "testname": "adder_carry-save_tb_1", "cornername": "Nominal", "point": 1, "logfile": "/fs/student/mdtang/finalECE122A/logs_mdtang/logs0/Job2.log"}
[2024-12-10 23:15:47.553 -0800] [PROCESS] [cadence.virtuoso.ade.simulationMonitor] - HostInfo:
Host name (type):	ecellvm-20.engr.ucsb.edu (x86_64)
Operating system:	Linux 4.18.0-553.30.1.el8_10.x86_64 #1 SMP Tue Nov 26 18:56:25 UTC 2024 {"hostname": "ecellvm-20.engr.ucsb.edu", "processid": 44688, "history": "Interactive.1", "testname": "adder_carry-save_tb_1", "cornername": "Nominal", "point": 1, "logfile": "/fs/student/mdtang/finalECE122A/logs_mdtang/logs0/Job2.log", "nodename": "ecellvm-20.engr.ucsb.edu", "domainname": "(none)", "machine": "x86_64", "sysname": "Linux", "release": "4.18.0-553.30.1.el8_10.x86_64", "version": "#1 SMP Tue Nov 26 18:56:25 UTC 2024"}
[2024-12-10 23:15:47.553 -0800] [PROCESS] [cadence.virtuoso.ade.simulationMonitor] - UsageInfo:
pid=44688
totalPhysicalMemory=15.640755GB,Used=8.983181GB,totalVirtualMemory=18.843876GB,Used=8.983181GB
Cpu: Cores=8, Load average:2.030000,1.180000,0.940000 {"hostname": "ecellvm-20.engr.ucsb.edu", "processid": 44688, "history": "Interactive.1", "testname": "adder_carry-save_tb_1", "cornername": "Nominal", "point": 1, "logfile": "/fs/student/mdtang/finalECE122A/logs_mdtang/logs0/Job2.log", "pid": "44688", "totalPhysicalMemory": "15.640755", "physicalMemoryUsed": "8.983181", "totalVirtualMemory": "18.843876", "virtualMemoryUsed": "8.983181", "cpuCores": "8", "processes": "1570", "loadAverage1": "2.030000", "loadAverage5": "1.180000", "loadAverage15": "0.940000", "loadAverage1Percent": "0.253750"}
[2024-12-10 23:15:47.560 -0800] [EVENT] [cadence.virtuoso.ade.simulationMonitor] - NewPoint {"history": "Interactive.1", "point": 1, "testname": "adder_carry-save_tb_1", "cornername": "Nominal", "event": "NewPoint", "EventSource": "Simulation Monitor", "HistoryName": "Interactive.1", "logFile": "/fs/student/mdtang/finalECE122A/logs_mdtang/logs0/Job2.log", "logFileSize": "11801"}
[2024-12-10 23:15:47.662 -0800] [EVENT] [cadence.virtuoso.ade.simulationMonitor] - NewPoint {"history": "Interactive.1", "point": 1, "testname": "adder_carry-save_tb_1", "cornername": "Nominal", "event": "NewPoint", "EventSource": "spectre", "HistoryName": "Interactive.1", "logFile": "/fs/student/mdtang/simulation/adder/carry-save_tb/maestro/results/maestro/Interactive.1/1/adder_carry-save_tb_1/psf/spectre.out", "logFileSize": "-1"}
[2024-12-10 23:15:47.710 -0800] [PROCESS] [cadence.virtuoso.ade.simulationMonitor] - Simulator launched {"hostname": "ecellvm-20.engr.ucsb.edu", "processid": 44688, "history": "Interactive.1", "testname": "adder_carry-save_tb_1", "cornername": "Nominal", "point": 1, "logfile": "/fs/student/mdtang/finalECE122A/logs_mdtang/logs0/Job2.log", "simid": "2"}
[2024-12-10 23:15:47.720 -0800] [PROCESS] [cadence.virtuoso.ade.simulationMonitor] - Expression evaluator launched {"hostname": "ecellvm-20.engr.ucsb.edu", "processid": 44688, "history": "Interactive.1", "testname": "adder_carry-save_tb_1", "cornername": "Nominal", "point": 1, "logfile": "/fs/student/mdtang/finalECE122A/logs_mdtang/logs0/Job2.log"}
[2024-12-10 23:15:47.821 -0800] [PROCESS] [cadence.virtuoso.ade.simulationMonitor] - Started Simulation {"hostname": "ecellvm-20.engr.ucsb.edu", "processid": 44688, "history": "Interactive.1", "testname": "adder_carry-save_tb_1", "cornername": "Nominal", "point": 1, "logfile": "/fs/student/mdtang/finalECE122A/logs_mdtang/logs0/Job2.log", "event": "started", "task": "simulation"}
[2024-12-10 23:15:49.822 -0800] [INFO] [cadence.virtuoso.ade.simulationMonitor] - Peak resident memory used = 124 Mbytes. {"history": "Interactive.1", "point": 1, "testname": "adder_carry-save_tb_1", "cornername": "Nominal"}
[2024-12-10 23:15:49.823 -0800] [INFO] [cadence.virtuoso.ade.simulationMonitor] - Peak resident memory used = 138 Mbytes. {"history": "Interactive.1", "point": 1, "testname": "adder_carry-save_tb_1", "cornername": "Nominal"}
[2024-12-10 23:15:49.823 -0800] [WARN] [cadence.virtuoso.ade.simulationMonitor] -     WARNING (SPECTRE-17101): The value 'psf' specified for the 'checklimitdest' option will no longer be supported in future releases. Use 'spectre -h' to see other recommended values for the 'checklimitdest' option. {"history": "Interactive.1", "point": 1, "testname": "adder_carry-save_tb_1", "cornername": "Nominal"}
[2024-12-10 23:15:49.823 -0800] [INFO] [cadence.virtuoso.ade.simulationMonitor] - Peak resident memory used = 141 Mbytes. {"history": "Interactive.1", "point": 1, "testname": "adder_carry-save_tb_1", "cornername": "Nominal"}
[2024-12-10 23:15:49.823 -0800] [INFO] [cadence.virtuoso.ade.simulationMonitor] - Notice from spectre during topology check.
    No DC path from node `I0.I31.mn9.msky130_fd_pr__nfet_01v8:sbnode' to ground, Gmin installed to provide path.
    No DC path from node `net8' to ground, Gmin installed to provide path.
    No DC path from node `net7' to ground, Gmin installed to provide path.
    No DC path from node `net6' to ground, Gmin installed to provide path.
    No DC path from node `net5' to ground, Gmin installed to provide path.
        Further occurrences of this notice will be supp... {"history": "Interactive.1", "point": 1, "testname": "adder_carry-save_tb_1", "cornername": "Nominal"}
[2024-12-10 23:15:49.860 -0800] [INFO] [cadence.virtuoso.ade.simulationMonitor] -               nodes 238 {"history": "Interactive.1", "point": 1, "testname": "adder_carry-save_tb_1", "cornername": "Nominal"}
[2024-12-10 23:15:49.865 -0800] [INFO] [cadence.virtuoso.ade.simulationMonitor] - Notice from spectre during initial setup.
    1 vsources are short because their absolute value is less than or equal to 'vabsshort'.
    APS Enabled.
    6 notices suppressed.
    Multithreading Enabled: 8 threads in the system with 8 available processors. {"history": "Interactive.1", "point": 1, "testname": "adder_carry-save_tb_1", "cornername": "Nominal"}
[2024-12-10 23:15:49.866 -0800] [INFO] [cadence.virtuoso.ade.simulationMonitor] - Peak resident memory used = 150 Mbytes. {"history": "Interactive.1", "point": 1, "testname": "adder_carry-save_tb_1", "cornername": "Nominal"}
[2024-12-10 23:15:49.866 -0800] [INFO] [cadence.virtuoso.ade.simulationMonitor] - Total time required for tran analysis `tran': CPU = 265.105 ms, elapsed = 164.891 ms. {"history": "Interactive.1", "point": 1, "testname": "adder_carry-save_tb_1", "cornername": "Nominal"}
[2024-12-10 23:15:49.866 -0800] [INFO] [cadence.virtuoso.ade.simulationMonitor] - Peak resident memory used = 160 Mbytes. {"history": "Interactive.1", "point": 1, "testname": "adder_carry-save_tb_1", "cornername": "Nominal"}
[2024-12-10 23:15:50.367 -0800] [INFO] [cadence.virtuoso.ade.simulationMonitor] - Time used: CPU = 1.47 s, elapsed = 2.03 s, util. = 72.6%. {"history": "Interactive.1", "point": 1, "testname": "adder_carry-save_tb_1", "cornername": "Nominal"}
[2024-12-10 23:15:50.367 -0800] [INFO] [cadence.virtuoso.ade.simulationMonitor] - Time spent in licensing: elapsed = 129 ms, percentage of total = 6.38%. {"history": "Interactive.1", "point": 1, "testname": "adder_carry-save_tb_1", "cornername": "Nominal"}
[2024-12-10 23:15:50.373 -0800] [INFO] [cadence.virtuoso.ade.simulationMonitor] - Peak memory used = 168 Mbytes. {"history": "Interactive.1", "point": 1, "testname": "adder_carry-save_tb_1", "cornername": "Nominal"}
[2024-12-10 23:15:50.388 -0800] [PROCESS] [cadence.virtuoso.ade.simulationMonitor] - Simulation started at: 11:15:48 PM, Tue Dec 10, 2024, ended at: 11:15:50 PM, Tue Dec 10, 2024, with elapsed time (wall clock): 2.03 s. {"history": "Interactive.1", "point": 1, "testname": "adder_carry-save_tb_1", "cornername": "Nominal"}
[2024-12-10 23:15:50.388 -0800] [PROCESS] [cadence.virtuoso.ade.simulationMonitor] - spectre completes with 0 errors, 1 warning, and 10 notices. {"history": "Interactive.1", "point": 1, "testname": "adder_carry-save_tb_1", "cornername": "Nominal"}
[2024-12-10 23:15:50.388 -0800] [PROCESS] [cadence.virtuoso.ade.simulationMonitor] - Finished simulating for one point {"hostname": "ecellvm-20.engr.ucsb.edu", "processid": 44688, "history": "Interactive.1", "testname": "adder_carry-save_tb_1", "cornername": "Nominal", "point": 1, "logfile": "/fs/student/mdtang/finalECE122A/logs_mdtang/logs0/Job2.log", "simid": "2"}
[2024-12-10 23:15:50.388 -0800] [PROCESS] [cadence.virtuoso.ade.simulationMonitor] - Simulator exited {"hostname": "ecellvm-20.engr.ucsb.edu", "processid": 44688, "history": "Interactive.1", "testname": "adder_carry-save_tb_1", "cornername": "Nominal", "point": 1, "logfile": "/fs/student/mdtang/finalECE122A/logs_mdtang/logs0/Job2.log", "exitStatus": "0"}
[2024-12-10 23:15:50.389 -0800] [PROCESS] [cadence.virtuoso.ade.simulationMonitor] - Finished Simulation {"hostname": "ecellvm-20.engr.ucsb.edu", "processid": 44688, "history": "Interactive.1", "testname": "adder_carry-save_tb_1", "cornername": "Nominal", "point": 1, "logfile": "/fs/student/mdtang/finalECE122A/logs_mdtang/logs0/Job2.log", "simid": "2"}
[2024-12-10 23:15:52.921 -0800] [PROCESS] [cadence.virtuoso.ade.simulationMonitor] - Point Finished {"hostname": "ecellvm-20.engr.ucsb.edu", "processid": 44688, "history": "Interactive.1", "testname": "adder_carry-save_tb_1", "cornername": "Nominal", "point": 1, "logfile": "/fs/student/mdtang/finalECE122A/logs_mdtang/logs0/Job2.log"}
[2024-12-10 23:15:53.923 -0800] [PROCESS] [cadence.virtuoso.ade.simulationMonitor] - Stay with the runId '1', Linger time '300', currentRunSyn '3', currentTestSyn '4' {"hostname": "ecellvm-20.engr.ucsb.edu", "processid": 44688, "history": "Interactive.1", "testname": "adder_carry-save_tb_1", "cornername": "Nominal", "point": 1, "logfile": "/fs/student/mdtang/finalECE122A/logs_mdtang/logs0/Job2.log"}
[2024-12-10 23:20:03.098 -0800] [PROCESS] [cadence.virtuoso.ade.simulationMonitor] - Started History {"hostname": "ecellvm-20.engr.ucsb.edu", "processid": 44688, "history": "Interactive.2", "testname": "adder_carry-save_tb_1", "cornername": "Nominal", "point": 1, "logfile": "/fs/student/mdtang/finalECE122A/logs_mdtang/logs0/Job2.log"}
[2024-12-10 23:20:03.099 -0800] [PROCESS] [cadence.virtuoso.ade.simulationMonitor] - HostInfo:
Host name (type):	ecellvm-20.engr.ucsb.edu (x86_64)
Operating system:	Linux 4.18.0-553.30.1.el8_10.x86_64 #1 SMP Tue Nov 26 18:56:25 UTC 2024 {"hostname": "ecellvm-20.engr.ucsb.edu", "processid": 44688, "history": "Interactive.2", "testname": "adder_carry-save_tb_1", "cornername": "Nominal", "point": 1, "logfile": "/fs/student/mdtang/finalECE122A/logs_mdtang/logs0/Job2.log", "nodename": "ecellvm-20.engr.ucsb.edu", "domainname": "(none)", "machine": "x86_64", "sysname": "Linux", "release": "4.18.0-553.30.1.el8_10.x86_64", "version": "#1 SMP Tue Nov 26 18:56:25 UTC 2024"}
[2024-12-10 23:20:03.099 -0800] [PROCESS] [cadence.virtuoso.ade.simulationMonitor] - UsageInfo:
pid=44688
totalPhysicalMemory=15.640755GB,Used=9.047710GB,totalVirtualMemory=18.843876GB,Used=9.047710GB
Cpu: Cores=8, Load average:1.220000,1.150000,0.990000 {"hostname": "ecellvm-20.engr.ucsb.edu", "processid": 44688, "history": "Interactive.2", "testname": "adder_carry-save_tb_1", "cornername": "Nominal", "point": 1, "logfile": "/fs/student/mdtang/finalECE122A/logs_mdtang/logs0/Job2.log", "pid": "44688", "totalPhysicalMemory": "15.640755", "physicalMemoryUsed": "9.047710", "totalVirtualMemory": "18.843876", "virtualMemoryUsed": "9.047710", "cpuCores": "8", "processes": "1571", "loadAverage1": "1.220000", "loadAverage5": "1.150000", "loadAverage15": "0.990000", "loadAverage1Percent": "0.152500"}
[2024-12-10 23:20:03.105 -0800] [EVENT] [cadence.virtuoso.ade.simulationMonitor] - NewPoint {"history": "Interactive.2", "point": 1, "testname": "adder_carry-save_tb_1", "cornername": "Nominal", "event": "NewPoint", "EventSource": "Simulation Monitor", "HistoryName": "Interactive.2", "logFile": "/fs/student/mdtang/finalECE122A/logs_mdtang/logs0/Job2.log", "logFileSize": "21776"}
[2024-12-10 23:20:03.208 -0800] [EVENT] [cadence.virtuoso.ade.simulationMonitor] - NewPoint {"history": "Interactive.2", "point": 1, "testname": "adder_carry-save_tb_1", "cornername": "Nominal", "event": "NewPoint", "EventSource": "spectre", "HistoryName": "Interactive.2", "logFile": "/fs/student/mdtang/simulation/adder/carry-save_tb/maestro/results/maestro/Interactive.2/1/adder_carry-save_tb_1/psf/spectre.out", "logFileSize": "-1"}
[2024-12-10 23:20:03.259 -0800] [PROCESS] [cadence.virtuoso.ade.simulationMonitor] - Simulator launched {"hostname": "ecellvm-20.engr.ucsb.edu", "processid": 44688, "history": "Interactive.2", "testname": "adder_carry-save_tb_1", "cornername": "Nominal", "point": 1, "logfile": "/fs/student/mdtang/finalECE122A/logs_mdtang/logs0/Job2.log", "simid": "3"}
[2024-12-10 23:20:03.267 -0800] [PROCESS] [cadence.virtuoso.ade.simulationMonitor] - Expression evaluator launched {"hostname": "ecellvm-20.engr.ucsb.edu", "processid": 44688, "history": "Interactive.2", "testname": "adder_carry-save_tb_1", "cornername": "Nominal", "point": 1, "logfile": "/fs/student/mdtang/finalECE122A/logs_mdtang/logs0/Job2.log"}
[2024-12-10 23:20:03.384 -0800] [PROCESS] [cadence.virtuoso.ade.simulationMonitor] - Started Simulation {"hostname": "ecellvm-20.engr.ucsb.edu", "processid": 44688, "history": "Interactive.2", "testname": "adder_carry-save_tb_1", "cornername": "Nominal", "point": 1, "logfile": "/fs/student/mdtang/finalECE122A/logs_mdtang/logs0/Job2.log", "event": "started", "task": "simulation"}
[2024-12-10 23:20:05.386 -0800] [INFO] [cadence.virtuoso.ade.simulationMonitor] - Peak resident memory used = 126 Mbytes. {"history": "Interactive.2", "point": 1, "testname": "adder_carry-save_tb_1", "cornername": "Nominal"}
[2024-12-10 23:20:05.386 -0800] [INFO] [cadence.virtuoso.ade.simulationMonitor] - Peak resident memory used = 141 Mbytes. {"history": "Interactive.2", "point": 1, "testname": "adder_carry-save_tb_1", "cornername": "Nominal"}
[2024-12-10 23:20:05.386 -0800] [WARN] [cadence.virtuoso.ade.simulationMonitor] -     WARNING (SPECTRE-17101): The value 'psf' specified for the 'checklimitdest' option will no longer be supported in future releases. Use 'spectre -h' to see other recommended values for the 'checklimitdest' option. {"history": "Interactive.2", "point": 1, "testname": "adder_carry-save_tb_1", "cornername": "Nominal"}
[2024-12-10 23:20:05.386 -0800] [INFO] [cadence.virtuoso.ade.simulationMonitor] - Peak resident memory used = 143 Mbytes. {"history": "Interactive.2", "point": 1, "testname": "adder_carry-save_tb_1", "cornername": "Nominal"}
[2024-12-10 23:20:05.387 -0800] [INFO] [cadence.virtuoso.ade.simulationMonitor] - Notice from spectre during topology check.
    No DC path from node `I0.I31.mn9.msky130_fd_pr__nfet_01v8:sbnode' to ground, Gmin installed to provide path.
    No DC path from node `net8' to ground, Gmin installed to provide path.
    No DC path from node `net7' to ground, Gmin installed to provide path.
    No DC path from node `net6' to ground, Gmin installed to provide path.
    No DC path from node `net5' to ground, Gmin installed to provide path.
        Further occurrences of this notice will be supp... {"history": "Interactive.2", "point": 1, "testname": "adder_carry-save_tb_1", "cornername": "Nominal"}
[2024-12-10 23:20:05.420 -0800] [INFO] [cadence.virtuoso.ade.simulationMonitor] -               nodes 253 {"history": "Interactive.2", "point": 1, "testname": "adder_carry-save_tb_1", "cornername": "Nominal"}
[2024-12-10 23:20:05.425 -0800] [INFO] [cadence.virtuoso.ade.simulationMonitor] - Notice from spectre during initial setup.
    1 vsources are short because their absolute value is less than or equal to 'vabsshort'.
    APS Enabled.
    7 notices suppressed.
    Multithreading Enabled: 8 threads in the system with 8 available processors. {"history": "Interactive.2", "point": 1, "testname": "adder_carry-save_tb_1", "cornername": "Nominal"}
[2024-12-10 23:20:05.425 -0800] [INFO] [cadence.virtuoso.ade.simulationMonitor] - Peak resident memory used = 153 Mbytes. {"history": "Interactive.2", "point": 1, "testname": "adder_carry-save_tb_1", "cornername": "Nominal"}
[2024-12-10 23:20:05.926 -0800] [INFO] [cadence.virtuoso.ade.simulationMonitor] - Total time required for tran analysis `tran': CPU = 322.014 ms, elapsed = 186.826 ms. {"history": "Interactive.2", "point": 1, "testname": "adder_carry-save_tb_1", "cornername": "Nominal"}
[2024-12-10 23:20:05.926 -0800] [INFO] [cadence.virtuoso.ade.simulationMonitor] - Peak resident memory used = 168 Mbytes. {"history": "Interactive.2", "point": 1, "testname": "adder_carry-save_tb_1", "cornername": "Nominal"}
[2024-12-10 23:20:05.927 -0800] [INFO] [cadence.virtuoso.ade.simulationMonitor] - Time used: CPU = 1.53 s, elapsed = 2.02 s, util. = 75.9%. {"history": "Interactive.2", "point": 1, "testname": "adder_carry-save_tb_1", "cornername": "Nominal"}
[2024-12-10 23:20:05.927 -0800] [INFO] [cadence.virtuoso.ade.simulationMonitor] - Time spent in licensing: elapsed = 118 ms, percentage of total = 5.87%. {"history": "Interactive.2", "point": 1, "testname": "adder_carry-save_tb_1", "cornername": "Nominal"}
[2024-12-10 23:20:05.932 -0800] [INFO] [cadence.virtuoso.ade.simulationMonitor] - Peak memory used = 175 Mbytes. {"history": "Interactive.2", "point": 1, "testname": "adder_carry-save_tb_1", "cornername": "Nominal"}
[2024-12-10 23:20:05.948 -0800] [PROCESS] [cadence.virtuoso.ade.simulationMonitor] - Simulation started at: 11:20:03 PM, Tue Dec 10, 2024, ended at: 11:20:05 PM, Tue Dec 10, 2024, with elapsed time (wall clock): 2.02 s. {"history": "Interactive.2", "point": 1, "testname": "adder_carry-save_tb_1", "cornername": "Nominal"}
[2024-12-10 23:20:05.948 -0800] [PROCESS] [cadence.virtuoso.ade.simulationMonitor] - spectre completes with 0 errors, 1 warning, and 10 notices. {"history": "Interactive.2", "point": 1, "testname": "adder_carry-save_tb_1", "cornername": "Nominal"}
[2024-12-10 23:20:05.948 -0800] [PROCESS] [cadence.virtuoso.ade.simulationMonitor] - Finished simulating for one point {"hostname": "ecellvm-20.engr.ucsb.edu", "processid": 44688, "history": "Interactive.2", "testname": "adder_carry-save_tb_1", "cornername": "Nominal", "point": 1, "logfile": "/fs/student/mdtang/finalECE122A/logs_mdtang/logs0/Job2.log", "simid": "3"}
[2024-12-10 23:20:05.948 -0800] [PROCESS] [cadence.virtuoso.ade.simulationMonitor] - Simulator exited {"hostname": "ecellvm-20.engr.ucsb.edu", "processid": 44688, "history": "Interactive.2", "testname": "adder_carry-save_tb_1", "cornername": "Nominal", "point": 1, "logfile": "/fs/student/mdtang/finalECE122A/logs_mdtang/logs0/Job2.log", "exitStatus": "0"}
[2024-12-10 23:20:05.949 -0800] [PROCESS] [cadence.virtuoso.ade.simulationMonitor] - Finished Simulation {"hostname": "ecellvm-20.engr.ucsb.edu", "processid": 44688, "history": "Interactive.2", "testname": "adder_carry-save_tb_1", "cornername": "Nominal", "point": 1, "logfile": "/fs/student/mdtang/finalECE122A/logs_mdtang/logs0/Job2.log", "simid": "3"}
[2024-12-10 23:20:08.480 -0800] [PROCESS] [cadence.virtuoso.ade.simulationMonitor] - Point Finished {"hostname": "ecellvm-20.engr.ucsb.edu", "processid": 44688, "history": "Interactive.2", "testname": "adder_carry-save_tb_1", "cornername": "Nominal", "point": 1, "logfile": "/fs/student/mdtang/finalECE122A/logs_mdtang/logs0/Job2.log"}
[2024-12-10 23:23:05.090 -0800] [PROCESS] [cadence.virtuoso.ade.simulationMonitor] - Started History {"hostname": "ecellvm-20.engr.ucsb.edu", "processid": 44688, "history": "Interactive.3", "testname": "adder_carry-save_tb_1", "cornername": "Nominal", "point": 1, "logfile": "/fs/student/mdtang/finalECE122A/logs_mdtang/logs0/Job2.log"}
[2024-12-10 23:23:05.091 -0800] [PROCESS] [cadence.virtuoso.ade.simulationMonitor] - HostInfo:
Host name (type):	ecellvm-20.engr.ucsb.edu (x86_64)
Operating system:	Linux 4.18.0-553.30.1.el8_10.x86_64 #1 SMP Tue Nov 26 18:56:25 UTC 2024 {"hostname": "ecellvm-20.engr.ucsb.edu", "processid": 44688, "history": "Interactive.3", "testname": "adder_carry-save_tb_1", "cornername": "Nominal", "point": 1, "logfile": "/fs/student/mdtang/finalECE122A/logs_mdtang/logs0/Job2.log", "nodename": "ecellvm-20.engr.ucsb.edu", "domainname": "(none)", "machine": "x86_64", "sysname": "Linux", "release": "4.18.0-553.30.1.el8_10.x86_64", "version": "#1 SMP Tue Nov 26 18:56:25 UTC 2024"}
[2024-12-10 23:23:05.091 -0800] [PROCESS] [cadence.virtuoso.ade.simulationMonitor] - UsageInfo:
pid=44688
totalPhysicalMemory=15.640755GB,Used=9.093845GB,totalVirtualMemory=18.843876GB,Used=9.093845GB
Cpu: Cores=8, Load average:1.040000,1.030000,0.970000 {"hostname": "ecellvm-20.engr.ucsb.edu", "processid": 44688, "history": "Interactive.3", "testname": "adder_carry-save_tb_1", "cornername": "Nominal", "point": 1, "logfile": "/fs/student/mdtang/finalECE122A/logs_mdtang/logs0/Job2.log", "pid": "44688", "totalPhysicalMemory": "15.640755", "physicalMemoryUsed": "9.093845", "totalVirtualMemory": "18.843876", "virtualMemoryUsed": "9.093845", "cpuCores": "8", "processes": "1571", "loadAverage1": "1.040000", "loadAverage5": "1.030000", "loadAverage15": "0.970000", "loadAverage1Percent": "0.130000"}
[2024-12-10 23:23:05.097 -0800] [EVENT] [cadence.virtuoso.ade.simulationMonitor] - NewPoint {"history": "Interactive.3", "point": 1, "testname": "adder_carry-save_tb_1", "cornername": "Nominal", "event": "NewPoint", "EventSource": "Simulation Monitor", "HistoryName": "Interactive.3", "logFile": "/fs/student/mdtang/finalECE122A/logs_mdtang/logs0/Job2.log", "logFileSize": "31348"}
[2024-12-10 23:23:05.200 -0800] [EVENT] [cadence.virtuoso.ade.simulationMonitor] - NewPoint {"history": "Interactive.3", "point": 1, "testname": "adder_carry-save_tb_1", "cornername": "Nominal", "event": "NewPoint", "EventSource": "spectre", "HistoryName": "Interactive.3", "logFile": "/fs/student/mdtang/simulation/adder/carry-save_tb/maestro/results/maestro/Interactive.3/1/adder_carry-save_tb_1/psf/spectre.out", "logFileSize": "-1"}
[2024-12-10 23:23:05.242 -0800] [PROCESS] [cadence.virtuoso.ade.simulationMonitor] - Simulator launched {"hostname": "ecellvm-20.engr.ucsb.edu", "processid": 44688, "history": "Interactive.3", "testname": "adder_carry-save_tb_1", "cornername": "Nominal", "point": 1, "logfile": "/fs/student/mdtang/finalECE122A/logs_mdtang/logs0/Job2.log", "simid": "4"}
[2024-12-10 23:23:05.251 -0800] [PROCESS] [cadence.virtuoso.ade.simulationMonitor] - Expression evaluator launched {"hostname": "ecellvm-20.engr.ucsb.edu", "processid": 44688, "history": "Interactive.3", "testname": "adder_carry-save_tb_1", "cornername": "Nominal", "point": 1, "logfile": "/fs/student/mdtang/finalECE122A/logs_mdtang/logs0/Job2.log"}
[2024-12-10 23:23:05.354 -0800] [PROCESS] [cadence.virtuoso.ade.simulationMonitor] - Started Simulation {"hostname": "ecellvm-20.engr.ucsb.edu", "processid": 44688, "history": "Interactive.3", "testname": "adder_carry-save_tb_1", "cornername": "Nominal", "point": 1, "logfile": "/fs/student/mdtang/finalECE122A/logs_mdtang/logs0/Job2.log", "event": "started", "task": "simulation"}
[2024-12-10 23:23:07.355 -0800] [INFO] [cadence.virtuoso.ade.simulationMonitor] - Peak resident memory used = 124 Mbytes. {"history": "Interactive.3", "point": 1, "testname": "adder_carry-save_tb_1", "cornername": "Nominal"}
[2024-12-10 23:23:07.355 -0800] [INFO] [cadence.virtuoso.ade.simulationMonitor] - Peak resident memory used = 138 Mbytes. {"history": "Interactive.3", "point": 1, "testname": "adder_carry-save_tb_1", "cornername": "Nominal"}
[2024-12-10 23:23:07.355 -0800] [WARN] [cadence.virtuoso.ade.simulationMonitor] -     WARNING (SPECTRE-17101): The value 'psf' specified for the 'checklimitdest' option will no longer be supported in future releases. Use 'spectre -h' to see other recommended values for the 'checklimitdest' option. {"history": "Interactive.3", "point": 1, "testname": "adder_carry-save_tb_1", "cornername": "Nominal"}
[2024-12-10 23:23:07.355 -0800] [INFO] [cadence.virtuoso.ade.simulationMonitor] - Peak resident memory used = 141 Mbytes. {"history": "Interactive.3", "point": 1, "testname": "adder_carry-save_tb_1", "cornername": "Nominal"}
[2024-12-10 23:23:07.356 -0800] [INFO] [cadence.virtuoso.ade.simulationMonitor] - Notice from spectre during topology check.
    No DC path from node `I0.I31.mn9.msky130_fd_pr__nfet_01v8:sbnode' to ground, Gmin installed to provide path.
    No DC path from node `net8' to ground, Gmin installed to provide path.
    No DC path from node `net7' to ground, Gmin installed to provide path.
    No DC path from node `net6' to ground, Gmin installed to provide path.
    No DC path from node `net5' to ground, Gmin installed to provide path.
        Further occurrences of this notice will be supp... {"history": "Interactive.3", "point": 1, "testname": "adder_carry-save_tb_1", "cornername": "Nominal"}
[2024-12-10 23:23:07.388 -0800] [INFO] [cadence.virtuoso.ade.simulationMonitor] -               nodes 253 {"history": "Interactive.3", "point": 1, "testname": "adder_carry-save_tb_1", "cornername": "Nominal"}
[2024-12-10 23:23:07.394 -0800] [INFO] [cadence.virtuoso.ade.simulationMonitor] - Notice from spectre during initial setup.
    1 vsources are short because their absolute value is less than or equal to 'vabsshort'.
    APS Enabled.
    7 notices suppressed.
    Multithreading Enabled: 8 threads in the system with 8 available processors. {"history": "Interactive.3", "point": 1, "testname": "adder_carry-save_tb_1", "cornername": "Nominal"}
[2024-12-10 23:23:07.394 -0800] [INFO] [cadence.virtuoso.ade.simulationMonitor] - Peak resident memory used = 151 Mbytes. {"history": "Interactive.3", "point": 1, "testname": "adder_carry-save_tb_1", "cornername": "Nominal"}
[2024-12-10 23:23:07.394 -0800] [INFO] [cadence.virtuoso.ade.simulationMonitor] - Total time required for tran analysis `tran': CPU = 412.719 ms, elapsed = 210.915 ms. {"history": "Interactive.3", "point": 1, "testname": "adder_carry-save_tb_1", "cornername": "Nominal"}
[2024-12-10 23:23:07.395 -0800] [INFO] [cadence.virtuoso.ade.simulationMonitor] - Peak resident memory used = 162 Mbytes. {"history": "Interactive.3", "point": 1, "testname": "adder_carry-save_tb_1", "cornername": "Nominal"}
[2024-12-10 23:23:07.896 -0800] [INFO] [cadence.virtuoso.ade.simulationMonitor] - Time used: CPU = 1.55 s, elapsed = 1.98 s, util. = 78.6%. {"history": "Interactive.3", "point": 1, "testname": "adder_carry-save_tb_1", "cornername": "Nominal"}
[2024-12-10 23:23:07.896 -0800] [INFO] [cadence.virtuoso.ade.simulationMonitor] - Time spent in licensing: elapsed = 109 ms, percentage of total = 5.53%. {"history": "Interactive.3", "point": 1, "testname": "adder_carry-save_tb_1", "cornername": "Nominal"}
[2024-12-10 23:23:07.902 -0800] [INFO] [cadence.virtuoso.ade.simulationMonitor] - Peak memory used = 169 Mbytes. {"history": "Interactive.3", "point": 1, "testname": "adder_carry-save_tb_1", "cornername": "Nominal"}
[2024-12-10 23:23:07.916 -0800] [PROCESS] [cadence.virtuoso.ade.simulationMonitor] - Simulation started at: 11:23:05 PM, Tue Dec 10, 2024, ended at: 11:23:07 PM, Tue Dec 10, 2024, with elapsed time (wall clock): 1.98 s. {"history": "Interactive.3", "point": 1, "testname": "adder_carry-save_tb_1", "cornername": "Nominal"}
[2024-12-10 23:23:07.916 -0800] [PROCESS] [cadence.virtuoso.ade.simulationMonitor] - spectre completes with 0 errors, 1 warning, and 10 notices. {"history": "Interactive.3", "point": 1, "testname": "adder_carry-save_tb_1", "cornername": "Nominal"}
[2024-12-10 23:23:07.916 -0800] [PROCESS] [cadence.virtuoso.ade.simulationMonitor] - Finished simulating for one point {"hostname": "ecellvm-20.engr.ucsb.edu", "processid": 44688, "history": "Interactive.3", "testname": "adder_carry-save_tb_1", "cornername": "Nominal", "point": 1, "logfile": "/fs/student/mdtang/finalECE122A/logs_mdtang/logs0/Job2.log", "simid": "4"}
[2024-12-10 23:23:07.916 -0800] [PROCESS] [cadence.virtuoso.ade.simulationMonitor] - Simulator exited {"hostname": "ecellvm-20.engr.ucsb.edu", "processid": 44688, "history": "Interactive.3", "testname": "adder_carry-save_tb_1", "cornername": "Nominal", "point": 1, "logfile": "/fs/student/mdtang/finalECE122A/logs_mdtang/logs0/Job2.log", "exitStatus": "0"}
[2024-12-10 23:23:07.917 -0800] [PROCESS] [cadence.virtuoso.ade.simulationMonitor] - Finished Simulation {"hostname": "ecellvm-20.engr.ucsb.edu", "processid": 44688, "history": "Interactive.3", "testname": "adder_carry-save_tb_1", "cornername": "Nominal", "point": 1, "logfile": "/fs/student/mdtang/finalECE122A/logs_mdtang/logs0/Job2.log", "simid": "4"}
[2024-12-10 23:23:10.450 -0800] [PROCESS] [cadence.virtuoso.ade.simulationMonitor] - Point Finished {"hostname": "ecellvm-20.engr.ucsb.edu", "processid": 44688, "history": "Interactive.3", "testname": "adder_carry-save_tb_1", "cornername": "Nominal", "point": 1, "logfile": "/fs/student/mdtang/finalECE122A/logs_mdtang/logs0/Job2.log"}
[2024-12-10 23:28:11.227 -0800] [PROCESS] [cadence.virtuoso.ade.simulationMonitor] - Current memory used: 53.9219 MBytes, peak memory used: 55.8125 MBytes {"hostname": "ecellvm-20.engr.ucsb.edu", "processid": 44688, "history": "Interactive.3", "testname": "adder_carry-save_tb_1", "cornername": "Nominal", "point": 1, "logfile": "/fs/student/mdtang/finalECE122A/logs_mdtang/logs0/Job2.log"}
[2024-12-10 23:28:11.227 -0800] [PROCESS] [cadence.virtuoso.ade.simulationMonitor] - Simulation Monitor process exit. {"hostname": "ecellvm-20.engr.ucsb.edu", "processid": 44688, "history": "Interactive.3", "testname": "adder_carry-save_tb_1", "cornername": "Nominal", "point": 1, "logfile": "/fs/student/mdtang/finalECE122A/logs_mdtang/logs0/Job2.log"}
