[Simulation Monitor: 3]
[2024-12-10 23:30:01.889 -0800] [PROCESS] [cadence.virtuoso.ade.simulationMonitor] - Simulation Monitor has successfully started up. Trying to set up communication channels to other components ... {"hostname": "ecellvm-20.engr.ucsb.edu", "processid": 50952, "logfile": "/fs/student/mdtang/finalECE122A/logs_mdtang/logs0/Job3.log"}
[2024-12-10 23:30:01.892 -0800] [PROCESS] [cadence.virtuoso.ade.simulationMonitor] - Communication channels have been successfully set up. Start processing events ... {"hostname": "ecellvm-20.engr.ucsb.edu", "processid": 50952, "logfile": "/fs/student/mdtang/finalECE122A/logs_mdtang/logs0/Job3.log"}
[2024-12-10 23:30:01.893 -0800] [PROCESS] [cadence.virtuoso.ade.simulationMonitor] - Considering to start history {"hostname": "ecellvm-20.engr.ucsb.edu", "processid": 50952, "history": "Interactive.0", "logfile": "/fs/student/mdtang/finalECE122A/logs_mdtang/logs0/Job3.log"}
[2024-12-10 23:30:01.897 -0800] [PROCESS] [cadence.virtuoso.ade.simulationMonitor] - Started History {"hostname": "ecellvm-20.engr.ucsb.edu", "processid": 50952, "history": "Interactive.4", "logfile": "/fs/student/mdtang/finalECE122A/logs_mdtang/logs0/Job3.log"}
[2024-12-10 23:30:01.897 -0800] [PROCESS] [cadence.virtuoso.ade.simulationMonitor] - HostInfo:
Host name (type):	ecellvm-20.engr.ucsb.edu (x86_64)
Operating system:	Linux 4.18.0-553.30.1.el8_10.x86_64 #1 SMP Tue Nov 26 18:56:25 UTC 2024 {"hostname": "ecellvm-20.engr.ucsb.edu", "processid": 50952, "history": "Interactive.4", "logfile": "/fs/student/mdtang/finalECE122A/logs_mdtang/logs0/Job3.log", "nodename": "ecellvm-20.engr.ucsb.edu", "domainname": "(none)", "machine": "x86_64", "sysname": "Linux", "release": "4.18.0-553.30.1.el8_10.x86_64", "version": "#1 SMP Tue Nov 26 18:56:25 UTC 2024"}
[2024-12-10 23:30:01.898 -0800] [PROCESS] [cadence.virtuoso.ade.simulationMonitor] - UsageInfo:
pid=50952
totalPhysicalMemory=15.640755GB,Used=9.108768GB,totalVirtualMemory=18.843876GB,Used=9.108768GB
Cpu: Cores=8, Load average:0.540000,0.700000,0.850000 {"hostname": "ecellvm-20.engr.ucsb.edu", "processid": 50952, "history": "Interactive.4", "logfile": "/fs/student/mdtang/finalECE122A/logs_mdtang/logs0/Job3.log", "pid": "50952", "totalPhysicalMemory": "15.640755", "physicalMemoryUsed": "9.108768", "totalVirtualMemory": "18.843876", "virtualMemoryUsed": "9.108768", "cpuCores": "8", "processes": "1569", "loadAverage1": "0.540000", "loadAverage5": "0.700000", "loadAverage15": "0.850000", "loadAverage1Percent": "0.067500"}
[2024-12-10 23:30:01.923 -0800] [EVENT] [cadence.virtuoso.ade.simulationMonitor] - NewPoint {"history": "Interactive.4", "point": 1, "testname": "adder_carry-save_tb_1", "cornername": "Nominal", "event": "NewPoint", "EventSource": "Simulation Monitor", "HistoryName": "Interactive.4", "logFile": "/fs/student/mdtang/finalECE122A/logs_mdtang/logs0/Job3.log", "logFileSize": "2522"}
[2024-12-10 23:30:02.026 -0800] [EVENT] [cadence.virtuoso.ade.simulationMonitor] - NewPoint {"history": "Interactive.4", "point": 1, "testname": "adder_carry-save_tb_1", "cornername": "Nominal", "event": "NewPoint", "EventSource": "spectre", "HistoryName": "Interactive.4", "logFile": "/fs/student/mdtang/simulation/adder/carry-save_tb/maestro/results/maestro/Interactive.4/1/adder_carry-save_tb_1/psf/spectre.out", "logFileSize": "-1"}
[2024-12-10 23:30:02.089 -0800] [PROCESS] [cadence.virtuoso.ade.simulationMonitor] - Simulator launched {"hostname": "ecellvm-20.engr.ucsb.edu", "processid": 50952, "history": "Interactive.4", "testname": "adder_carry-save_tb_1", "cornername": "Nominal", "point": 1, "logfile": "/fs/student/mdtang/finalECE122A/logs_mdtang/logs0/Job3.log", "simid": "1"}
[2024-12-10 23:30:02.102 -0800] [PROCESS] [cadence.virtuoso.ade.simulationMonitor] - Expression evaluator launched {"hostname": "ecellvm-20.engr.ucsb.edu", "processid": 50952, "history": "Interactive.4", "testname": "adder_carry-save_tb_1", "cornername": "Nominal", "point": 1, "logfile": "/fs/student/mdtang/finalECE122A/logs_mdtang/logs0/Job3.log"}
[2024-12-10 23:30:02.238 -0800] [PROCESS] [cadence.virtuoso.ade.simulationMonitor] - Started Simulation {"hostname": "ecellvm-20.engr.ucsb.edu", "processid": 50952, "history": "Interactive.4", "testname": "adder_carry-save_tb_1", "cornername": "Nominal", "point": 1, "logfile": "/fs/student/mdtang/finalECE122A/logs_mdtang/logs0/Job3.log", "event": "started", "task": "simulation"}
[2024-12-10 23:30:04.239 -0800] [INFO] [cadence.virtuoso.ade.simulationMonitor] - Peak resident memory used = 126 Mbytes. {"history": "Interactive.4", "point": 1, "testname": "adder_carry-save_tb_1", "cornername": "Nominal"}
[2024-12-10 23:30:04.239 -0800] [INFO] [cadence.virtuoso.ade.simulationMonitor] - Peak resident memory used = 141 Mbytes. {"history": "Interactive.4", "point": 1, "testname": "adder_carry-save_tb_1", "cornername": "Nominal"}
[2024-12-10 23:30:04.239 -0800] [WARN] [cadence.virtuoso.ade.simulationMonitor] -     WARNING (SPECTRE-17101): The value 'psf' specified for the 'checklimitdest' option will no longer be supported in future releases. Use 'spectre -h' to see other recommended values for the 'checklimitdest' option. {"history": "Interactive.4", "point": 1, "testname": "adder_carry-save_tb_1", "cornername": "Nominal"}
[2024-12-10 23:30:04.240 -0800] [WARN] [cadence.virtuoso.ade.simulationMonitor] -     WARNING (SPECTRE-8527): There are some nodes and instances removed from the netlist topology check. Check the circuit and correct the topology. Or use preserve_inst to keep them if necessary. {"history": "Interactive.4", "point": 1, "testname": "adder_carry-save_tb_1", "cornername": "Nominal"}
[2024-12-10 23:30:04.240 -0800] [WARN] [cadence.virtuoso.ade.simulationMonitor] -     WARNING (SPECTRE-8529): Dangling instance. V2 is removed. {"history": "Interactive.4", "point": 1, "testname": "adder_carry-save_tb_1", "cornername": "Nominal"}
[2024-12-10 23:30:04.240 -0800] [WARN] [cadence.virtuoso.ade.simulationMonitor] -     WARNING (SPECTRE-8530): Dangling node. VDD* is removed. {"history": "Interactive.4", "point": 1, "testname": "adder_carry-save_tb_1", "cornername": "Nominal"}
[2024-12-10 23:30:04.240 -0800] [INFO] [cadence.virtuoso.ade.simulationMonitor] - Peak resident memory used = 143 Mbytes. {"history": "Interactive.4", "point": 1, "testname": "adder_carry-save_tb_1", "cornername": "Nominal"}
[2024-12-10 23:30:04.240 -0800] [INFO] [cadence.virtuoso.ade.simulationMonitor] - Notice from spectre during topology check.
    No DC path from node `I0.I31.mn9.msky130_fd_pr__nfet_01v8:sbnode' to ground, Gmin installed to provide path.
    No DC path from node `net8' to ground, Gmin installed to provide path.
    No DC path from node `net7' to ground, Gmin installed to provide path.
    No DC path from node `net6' to ground, Gmin installed to provide path.
    No DC path from node `net5' to ground, Gmin installed to provide path.
        Further occurrences of this notice will be supp... {"history": "Interactive.4", "point": 1, "testname": "adder_carry-save_tb_1", "cornername": "Nominal"}
[2024-12-10 23:30:04.315 -0800] [INFO] [cadence.virtuoso.ade.simulationMonitor] -               nodes 255 {"history": "Interactive.4", "point": 1, "testname": "adder_carry-save_tb_1", "cornername": "Nominal"}
[2024-12-10 23:30:04.315 -0800] [INFO] [cadence.virtuoso.ade.simulationMonitor] - Notice from spectre during initial setup.
    2 vsources are short because their absolute value is less than or equal to 'vabsshort'.
    APS Enabled. {"history": "Interactive.4", "point": 1, "testname": "adder_carry-save_tb_1", "cornername": "Nominal"}
[2024-12-10 23:30:04.326 -0800] [INFO] [cadence.virtuoso.ade.simulationMonitor] -     Multithreading Enabled: 8 threads in the system with 8 available processors. {"history": "Interactive.4", "point": 1, "testname": "adder_carry-save_tb_1", "cornername": "Nominal"}
[2024-12-10 23:30:04.327 -0800] [INFO] [cadence.virtuoso.ade.simulationMonitor] - Peak resident memory used = 153 Mbytes. {"history": "Interactive.4", "point": 1, "testname": "adder_carry-save_tb_1", "cornername": "Nominal"}
[2024-12-10 23:30:04.827 -0800] [INFO] [cadence.virtuoso.ade.simulationMonitor] - Total time required for tran analysis `tran': CPU = 400.086 ms, elapsed = 235.075 ms. {"history": "Interactive.4", "point": 1, "testname": "adder_carry-save_tb_1", "cornername": "Nominal"}
[2024-12-10 23:30:04.828 -0800] [INFO] [cadence.virtuoso.ade.simulationMonitor] - Peak resident memory used = 164 Mbytes. {"history": "Interactive.4", "point": 1, "testname": "adder_carry-save_tb_1", "cornername": "Nominal"}
[2024-12-10 23:30:05.328 -0800] [INFO] [cadence.virtuoso.ade.simulationMonitor] - Time used: CPU = 1.69 s, elapsed = 2.35 s, util. = 72.1%. {"history": "Interactive.4", "point": 1, "testname": "adder_carry-save_tb_1", "cornername": "Nominal"}
[2024-12-10 23:30:05.329 -0800] [INFO] [cadence.virtuoso.ade.simulationMonitor] - Time spent in licensing: elapsed = 93.9 ms. {"history": "Interactive.4", "point": 1, "testname": "adder_carry-save_tb_1", "cornername": "Nominal"}
[2024-12-10 23:30:05.347 -0800] [INFO] [cadence.virtuoso.ade.simulationMonitor] - Peak memory used = 172 Mbytes. {"history": "Interactive.4", "point": 1, "testname": "adder_carry-save_tb_1", "cornername": "Nominal"}
[2024-12-10 23:30:05.397 -0800] [PROCESS] [cadence.virtuoso.ade.simulationMonitor] - Simulation started at: 11:30:02 PM, Tue Dec 10, 2024, ended at: 11:30:04 PM, Tue Dec 10, 2024, with elapsed time (wall clock): 2.35 s. {"history": "Interactive.4", "point": 1, "testname": "adder_carry-save_tb_1", "cornername": "Nominal"}
[2024-12-10 23:30:05.397 -0800] [PROCESS] [cadence.virtuoso.ade.simulationMonitor] - spectre completes with 0 errors, 4 warnings, and 10 notices. {"history": "Interactive.4", "point": 1, "testname": "adder_carry-save_tb_1", "cornername": "Nominal"}
[2024-12-10 23:30:05.397 -0800] [PROCESS] [cadence.virtuoso.ade.simulationMonitor] - Finished simulating for one point {"hostname": "ecellvm-20.engr.ucsb.edu", "processid": 50952, "history": "Interactive.4", "testname": "adder_carry-save_tb_1", "cornername": "Nominal", "point": 1, "logfile": "/fs/student/mdtang/finalECE122A/logs_mdtang/logs0/Job3.log", "simid": "1"}
[2024-12-10 23:30:05.397 -0800] [PROCESS] [cadence.virtuoso.ade.simulationMonitor] - Simulator exited {"hostname": "ecellvm-20.engr.ucsb.edu", "processid": 50952, "history": "Interactive.4", "testname": "adder_carry-save_tb_1", "cornername": "Nominal", "point": 1, "logfile": "/fs/student/mdtang/finalECE122A/logs_mdtang/logs0/Job3.log", "exitStatus": "0"}
[2024-12-10 23:30:05.398 -0800] [PROCESS] [cadence.virtuoso.ade.simulationMonitor] - Finished Simulation {"hostname": "ecellvm-20.engr.ucsb.edu", "processid": 50952, "history": "Interactive.4", "testname": "adder_carry-save_tb_1", "cornername": "Nominal", "point": 1, "logfile": "/fs/student/mdtang/finalECE122A/logs_mdtang/logs0/Job3.log", "simid": "1"}
[2024-12-10 23:30:07.452 -0800] [PROCESS] [cadence.virtuoso.ade.simulationMonitor] - Point Finished {"hostname": "ecellvm-20.engr.ucsb.edu", "processid": 50952, "history": "Interactive.4", "testname": "adder_carry-save_tb_1", "cornername": "Nominal", "point": 1, "logfile": "/fs/student/mdtang/finalECE122A/logs_mdtang/logs0/Job3.log"}
[2024-12-10 23:31:03.347 -0800] [PROCESS] [cadence.virtuoso.ade.simulationMonitor] - Started History {"hostname": "ecellvm-20.engr.ucsb.edu", "processid": 50952, "history": "Interactive.5", "testname": "adder_carry-save_tb_1", "cornername": "Nominal", "point": 1, "logfile": "/fs/student/mdtang/finalECE122A/logs_mdtang/logs0/Job3.log"}
[2024-12-10 23:31:03.348 -0800] [PROCESS] [cadence.virtuoso.ade.simulationMonitor] - HostInfo:
Host name (type):	ecellvm-20.engr.ucsb.edu (x86_64)
Operating system:	Linux 4.18.0-553.30.1.el8_10.x86_64 #1 SMP Tue Nov 26 18:56:25 UTC 2024 {"hostname": "ecellvm-20.engr.ucsb.edu", "processid": 50952, "history": "Interactive.5", "testname": "adder_carry-save_tb_1", "cornername": "Nominal", "point": 1, "logfile": "/fs/student/mdtang/finalECE122A/logs_mdtang/logs0/Job3.log", "nodename": "ecellvm-20.engr.ucsb.edu", "domainname": "(none)", "machine": "x86_64", "sysname": "Linux", "release": "4.18.0-553.30.1.el8_10.x86_64", "version": "#1 SMP Tue Nov 26 18:56:25 UTC 2024"}
[2024-12-10 23:31:03.348 -0800] [PROCESS] [cadence.virtuoso.ade.simulationMonitor] - UsageInfo:
pid=50952
totalPhysicalMemory=15.640755GB,Used=9.139103GB,totalVirtualMemory=18.843876GB,Used=9.139103GB
Cpu: Cores=8, Load average:0.760000,0.740000,0.850000 {"hostname": "ecellvm-20.engr.ucsb.edu", "processid": 50952, "history": "Interactive.5", "testname": "adder_carry-save_tb_1", "cornername": "Nominal", "point": 1, "logfile": "/fs/student/mdtang/finalECE122A/logs_mdtang/logs0/Job3.log", "pid": "50952", "totalPhysicalMemory": "15.640755", "physicalMemoryUsed": "9.139103", "totalVirtualMemory": "18.843876", "virtualMemoryUsed": "9.139103", "cpuCores": "8", "processes": "1566", "loadAverage1": "0.760000", "loadAverage5": "0.740000", "loadAverage15": "0.850000", "loadAverage1Percent": "0.095000"}
[2024-12-10 23:31:03.358 -0800] [EVENT] [cadence.virtuoso.ade.simulationMonitor] - NewPoint {"history": "Interactive.5", "point": 1, "testname": "adder_carry-save_tb_1", "cornername": "Nominal", "event": "NewPoint", "EventSource": "Simulation Monitor", "HistoryName": "Interactive.5", "logFile": "/fs/student/mdtang/finalECE122A/logs_mdtang/logs0/Job3.log", "logFileSize": "13098"}
[2024-12-10 23:31:03.461 -0800] [EVENT] [cadence.virtuoso.ade.simulationMonitor] - NewPoint {"history": "Interactive.5", "point": 1, "testname": "adder_carry-save_tb_1", "cornername": "Nominal", "event": "NewPoint", "EventSource": "spectre", "HistoryName": "Interactive.5", "logFile": "/fs/student/mdtang/simulation/adder/carry-save_tb/maestro/results/maestro/Interactive.5/1/adder_carry-save_tb_1/psf/spectre.out", "logFileSize": "-1"}
[2024-12-10 23:31:03.564 -0800] [PROCESS] [cadence.virtuoso.ade.simulationMonitor] - Simulator launched {"hostname": "ecellvm-20.engr.ucsb.edu", "processid": 50952, "history": "Interactive.5", "testname": "adder_carry-save_tb_1", "cornername": "Nominal", "point": 1, "logfile": "/fs/student/mdtang/finalECE122A/logs_mdtang/logs0/Job3.log", "simid": "2"}
[2024-12-10 23:31:03.579 -0800] [PROCESS] [cadence.virtuoso.ade.simulationMonitor] - Expression evaluator launched {"hostname": "ecellvm-20.engr.ucsb.edu", "processid": 50952, "history": "Interactive.5", "testname": "adder_carry-save_tb_1", "cornername": "Nominal", "point": 1, "logfile": "/fs/student/mdtang/finalECE122A/logs_mdtang/logs0/Job3.log"}
[2024-12-10 23:31:03.685 -0800] [PROCESS] [cadence.virtuoso.ade.simulationMonitor] - Started Simulation {"hostname": "ecellvm-20.engr.ucsb.edu", "processid": 50952, "history": "Interactive.5", "testname": "adder_carry-save_tb_1", "cornername": "Nominal", "point": 1, "logfile": "/fs/student/mdtang/finalECE122A/logs_mdtang/logs0/Job3.log", "event": "started", "task": "simulation"}
[2024-12-10 23:31:05.187 -0800] [INFO] [cadence.virtuoso.ade.simulationMonitor] - Peak resident memory used = 125 Mbytes. {"history": "Interactive.5", "point": 1, "testname": "adder_carry-save_tb_1", "cornername": "Nominal"}
[2024-12-10 23:31:05.188 -0800] [INFO] [cadence.virtuoso.ade.simulationMonitor] - Peak resident memory used = 140 Mbytes. {"history": "Interactive.5", "point": 1, "testname": "adder_carry-save_tb_1", "cornername": "Nominal"}
[2024-12-10 23:31:05.188 -0800] [WARN] [cadence.virtuoso.ade.simulationMonitor] -     WARNING (SPECTRE-17101): The value 'psf' specified for the 'checklimitdest' option will no longer be supported in future releases. Use 'spectre -h' to see other recommended values for the 'checklimitdest' option. {"history": "Interactive.5", "point": 1, "testname": "adder_carry-save_tb_1", "cornername": "Nominal"}
[2024-12-10 23:31:05.188 -0800] [WARN] [cadence.virtuoso.ade.simulationMonitor] -     WARNING (SPECTRE-8527): There are some nodes and instances removed from the netlist topology check. Check the circuit and correct the topology. Or use preserve_inst to keep them if necessary. {"history": "Interactive.5", "point": 1, "testname": "adder_carry-save_tb_1", "cornername": "Nominal"}
[2024-12-10 23:31:05.188 -0800] [WARN] [cadence.virtuoso.ade.simulationMonitor] -     WARNING (SPECTRE-8529): Dangling instance. V2 is removed. {"history": "Interactive.5", "point": 1, "testname": "adder_carry-save_tb_1", "cornername": "Nominal"}
[2024-12-10 23:31:05.188 -0800] [WARN] [cadence.virtuoso.ade.simulationMonitor] -     WARNING (SPECTRE-8530): Dangling node. VDD* is removed. {"history": "Interactive.5", "point": 1, "testname": "adder_carry-save_tb_1", "cornername": "Nominal"}
[2024-12-10 23:31:05.189 -0800] [INFO] [cadence.virtuoso.ade.simulationMonitor] - Peak resident memory used = 142 Mbytes. {"history": "Interactive.5", "point": 1, "testname": "adder_carry-save_tb_1", "cornername": "Nominal"}
[2024-12-10 23:31:05.189 -0800] [INFO] [cadence.virtuoso.ade.simulationMonitor] - Notice from spectre during topology check.
    No DC path from node `I0.I31.mn9.msky130_fd_pr__nfet_01v8:sbnode' to ground, Gmin installed to provide path.
    No DC path from node `net8' to ground, Gmin installed to provide path.
    No DC path from node `net7' to ground, Gmin installed to provide path.
    No DC path from node `net6' to ground, Gmin installed to provide path.
    No DC path from node `net5' to ground, Gmin installed to provide path.
        Further occurrences of this notice will be supp... {"history": "Interactive.5", "point": 1, "testname": "adder_carry-save_tb_1", "cornername": "Nominal"}
[2024-12-10 23:31:05.230 -0800] [INFO] [cadence.virtuoso.ade.simulationMonitor] -               nodes 255 {"history": "Interactive.5", "point": 1, "testname": "adder_carry-save_tb_1", "cornername": "Nominal"}
[2024-12-10 23:31:05.230 -0800] [INFO] [cadence.virtuoso.ade.simulationMonitor] - Notice from spectre during initial setup.
    2 vsources are short because their absolute value is less than or equal to 'vabsshort'.
    APS Enabled. {"history": "Interactive.5", "point": 1, "testname": "adder_carry-save_tb_1", "cornername": "Nominal"}
[2024-12-10 23:31:05.739 -0800] [INFO] [cadence.virtuoso.ade.simulationMonitor] -     Multithreading Enabled: 8 threads in the system with 8 available processors. {"history": "Interactive.5", "point": 1, "testname": "adder_carry-save_tb_1", "cornername": "Nominal"}
[2024-12-10 23:31:05.739 -0800] [INFO] [cadence.virtuoso.ade.simulationMonitor] - Peak resident memory used = 152 Mbytes. {"history": "Interactive.5", "point": 1, "testname": "adder_carry-save_tb_1", "cornername": "Nominal"}
[2024-12-10 23:31:05.739 -0800] [INFO] [cadence.virtuoso.ade.simulationMonitor] - Total time required for tran analysis `tran': CPU = 285.603 ms, elapsed = 237.179 ms. {"history": "Interactive.5", "point": 1, "testname": "adder_carry-save_tb_1", "cornername": "Nominal"}
[2024-12-10 23:31:05.739 -0800] [INFO] [cadence.virtuoso.ade.simulationMonitor] - Peak resident memory used = 163 Mbytes. {"history": "Interactive.5", "point": 1, "testname": "adder_carry-save_tb_1", "cornername": "Nominal"}
[2024-12-10 23:31:06.240 -0800] [INFO] [cadence.virtuoso.ade.simulationMonitor] - Time used: CPU = 1.36 s, elapsed = 1.87 s, util. = 72.7%. {"history": "Interactive.5", "point": 1, "testname": "adder_carry-save_tb_1", "cornername": "Nominal"}
[2024-12-10 23:31:06.240 -0800] [INFO] [cadence.virtuoso.ade.simulationMonitor] - Time spent in licensing: elapsed = 91.9 ms. {"history": "Interactive.5", "point": 1, "testname": "adder_carry-save_tb_1", "cornername": "Nominal"}
[2024-12-10 23:31:06.246 -0800] [INFO] [cadence.virtuoso.ade.simulationMonitor] - Peak memory used = 171 Mbytes. {"history": "Interactive.5", "point": 1, "testname": "adder_carry-save_tb_1", "cornername": "Nominal"}
[2024-12-10 23:31:06.272 -0800] [PROCESS] [cadence.virtuoso.ade.simulationMonitor] - Simulation started at: 11:31:03 PM, Tue Dec 10, 2024, ended at: 11:31:05 PM, Tue Dec 10, 2024, with elapsed time (wall clock): 1.87 s. {"history": "Interactive.5", "point": 1, "testname": "adder_carry-save_tb_1", "cornername": "Nominal"}
[2024-12-10 23:31:06.272 -0800] [PROCESS] [cadence.virtuoso.ade.simulationMonitor] - spectre completes with 0 errors, 4 warnings, and 10 notices. {"history": "Interactive.5", "point": 1, "testname": "adder_carry-save_tb_1", "cornername": "Nominal"}
[2024-12-10 23:31:06.272 -0800] [PROCESS] [cadence.virtuoso.ade.simulationMonitor] - Finished simulating for one point {"hostname": "ecellvm-20.engr.ucsb.edu", "processid": 50952, "history": "Interactive.5", "testname": "adder_carry-save_tb_1", "cornername": "Nominal", "point": 1, "logfile": "/fs/student/mdtang/finalECE122A/logs_mdtang/logs0/Job3.log", "simid": "2"}
[2024-12-10 23:31:06.272 -0800] [PROCESS] [cadence.virtuoso.ade.simulationMonitor] - Simulator exited {"hostname": "ecellvm-20.engr.ucsb.edu", "processid": 50952, "history": "Interactive.5", "testname": "adder_carry-save_tb_1", "cornername": "Nominal", "point": 1, "logfile": "/fs/student/mdtang/finalECE122A/logs_mdtang/logs0/Job3.log", "exitStatus": "0"}
[2024-12-10 23:31:06.272 -0800] [PROCESS] [cadence.virtuoso.ade.simulationMonitor] - Finished Simulation {"hostname": "ecellvm-20.engr.ucsb.edu", "processid": 50952, "history": "Interactive.5", "testname": "adder_carry-save_tb_1", "cornername": "Nominal", "point": 1, "logfile": "/fs/student/mdtang/finalECE122A/logs_mdtang/logs0/Job3.log", "simid": "2"}
[2024-12-10 23:31:08.826 -0800] [PROCESS] [cadence.virtuoso.ade.simulationMonitor] - Point Finished {"hostname": "ecellvm-20.engr.ucsb.edu", "processid": 50952, "history": "Interactive.5", "testname": "adder_carry-save_tb_1", "cornername": "Nominal", "point": 1, "logfile": "/fs/student/mdtang/finalECE122A/logs_mdtang/logs0/Job3.log"}
[2024-12-10 23:33:57.746 -0800] [PROCESS] [cadence.virtuoso.ade.simulationMonitor] - Started History {"hostname": "ecellvm-20.engr.ucsb.edu", "processid": 50952, "history": "Interactive.6", "testname": "adder_carry-save_tb_1", "cornername": "Nominal", "point": 1, "logfile": "/fs/student/mdtang/finalECE122A/logs_mdtang/logs0/Job3.log"}
[2024-12-10 23:33:57.746 -0800] [PROCESS] [cadence.virtuoso.ade.simulationMonitor] - HostInfo:
Host name (type):	ecellvm-20.engr.ucsb.edu (x86_64)
Operating system:	Linux 4.18.0-553.30.1.el8_10.x86_64 #1 SMP Tue Nov 26 18:56:25 UTC 2024 {"hostname": "ecellvm-20.engr.ucsb.edu", "processid": 50952, "history": "Interactive.6", "testname": "adder_carry-save_tb_1", "cornername": "Nominal", "point": 1, "logfile": "/fs/student/mdtang/finalECE122A/logs_mdtang/logs0/Job3.log", "nodename": "ecellvm-20.engr.ucsb.edu", "domainname": "(none)", "machine": "x86_64", "sysname": "Linux", "release": "4.18.0-553.30.1.el8_10.x86_64", "version": "#1 SMP Tue Nov 26 18:56:25 UTC 2024"}
[2024-12-10 23:33:57.747 -0800] [PROCESS] [cadence.virtuoso.ade.simulationMonitor] - UsageInfo:
pid=50952
totalPhysicalMemory=15.640755GB,Used=9.183670GB,totalVirtualMemory=18.843876GB,Used=9.183670GB
Cpu: Cores=8, Load average:0.880000,0.790000,0.850000 {"hostname": "ecellvm-20.engr.ucsb.edu", "processid": 50952, "history": "Interactive.6", "testname": "adder_carry-save_tb_1", "cornername": "Nominal", "point": 1, "logfile": "/fs/student/mdtang/finalECE122A/logs_mdtang/logs0/Job3.log", "pid": "50952", "totalPhysicalMemory": "15.640755", "physicalMemoryUsed": "9.183670", "totalVirtualMemory": "18.843876", "virtualMemoryUsed": "9.183670", "cpuCores": "8", "processes": "1570", "loadAverage1": "0.880000", "loadAverage5": "0.790000", "loadAverage15": "0.850000", "loadAverage1Percent": "0.110000"}
[2024-12-10 23:33:57.752 -0800] [EVENT] [cadence.virtuoso.ade.simulationMonitor] - NewPoint {"history": "Interactive.6", "point": 1, "testname": "adder_carry-save_tb_1", "cornername": "Nominal", "event": "NewPoint", "EventSource": "Simulation Monitor", "HistoryName": "Interactive.6", "logFile": "/fs/student/mdtang/finalECE122A/logs_mdtang/logs0/Job3.log", "logFileSize": "23675"}
[2024-12-10 23:33:57.855 -0800] [EVENT] [cadence.virtuoso.ade.simulationMonitor] - NewPoint {"history": "Interactive.6", "point": 1, "testname": "adder_carry-save_tb_1", "cornername": "Nominal", "event": "NewPoint", "EventSource": "spectre", "HistoryName": "Interactive.6", "logFile": "/fs/student/mdtang/simulation/adder/carry-save_tb/maestro/results/maestro/Interactive.6/1/adder_carry-save_tb_1/psf/spectre.out", "logFileSize": "-1"}
[2024-12-10 23:33:57.910 -0800] [PROCESS] [cadence.virtuoso.ade.simulationMonitor] - Simulator launched {"hostname": "ecellvm-20.engr.ucsb.edu", "processid": 50952, "history": "Interactive.6", "testname": "adder_carry-save_tb_1", "cornername": "Nominal", "point": 1, "logfile": "/fs/student/mdtang/finalECE122A/logs_mdtang/logs0/Job3.log", "simid": "3"}
[2024-12-10 23:33:57.919 -0800] [PROCESS] [cadence.virtuoso.ade.simulationMonitor] - Expression evaluator launched {"hostname": "ecellvm-20.engr.ucsb.edu", "processid": 50952, "history": "Interactive.6", "testname": "adder_carry-save_tb_1", "cornername": "Nominal", "point": 1, "logfile": "/fs/student/mdtang/finalECE122A/logs_mdtang/logs0/Job3.log"}
[2024-12-10 23:33:58.023 -0800] [PROCESS] [cadence.virtuoso.ade.simulationMonitor] - Started Simulation {"hostname": "ecellvm-20.engr.ucsb.edu", "processid": 50952, "history": "Interactive.6", "testname": "adder_carry-save_tb_1", "cornername": "Nominal", "point": 1, "logfile": "/fs/student/mdtang/finalECE122A/logs_mdtang/logs0/Job3.log", "event": "started", "task": "simulation"}
[2024-12-10 23:34:00.024 -0800] [INFO] [cadence.virtuoso.ade.simulationMonitor] - Peak resident memory used = 128 Mbytes. {"history": "Interactive.6", "point": 1, "testname": "adder_carry-save_tb_1", "cornername": "Nominal"}
[2024-12-10 23:34:00.024 -0800] [INFO] [cadence.virtuoso.ade.simulationMonitor] - Peak resident memory used = 142 Mbytes. {"history": "Interactive.6", "point": 1, "testname": "adder_carry-save_tb_1", "cornername": "Nominal"}
[2024-12-10 23:34:00.025 -0800] [WARN] [cadence.virtuoso.ade.simulationMonitor] -     WARNING (SPECTRE-17101): The value 'psf' specified for the 'checklimitdest' option will no longer be supported in future releases. Use 'spectre -h' to see other recommended values for the 'checklimitdest' option. {"history": "Interactive.6", "point": 1, "testname": "adder_carry-save_tb_1", "cornername": "Nominal"}
[2024-12-10 23:34:00.025 -0800] [WARN] [cadence.virtuoso.ade.simulationMonitor] -     WARNING (SPECTRE-8527): There are some nodes and instances removed from the netlist topology check. Check the circuit and correct the topology. Or use preserve_inst to keep them if necessary. {"history": "Interactive.6", "point": 1, "testname": "adder_carry-save_tb_1", "cornername": "Nominal"}
[2024-12-10 23:34:00.025 -0800] [WARN] [cadence.virtuoso.ade.simulationMonitor] -     WARNING (SPECTRE-8529): Dangling instance. V2 is removed. {"history": "Interactive.6", "point": 1, "testname": "adder_carry-save_tb_1", "cornername": "Nominal"}
[2024-12-10 23:34:00.025 -0800] [WARN] [cadence.virtuoso.ade.simulationMonitor] -     WARNING (SPECTRE-8530): Dangling node. VDD* is removed. {"history": "Interactive.6", "point": 1, "testname": "adder_carry-save_tb_1", "cornername": "Nominal"}
[2024-12-10 23:34:00.025 -0800] [INFO] [cadence.virtuoso.ade.simulationMonitor] - Peak resident memory used = 145 Mbytes. {"history": "Interactive.6", "point": 1, "testname": "adder_carry-save_tb_1", "cornername": "Nominal"}
[2024-12-10 23:34:00.025 -0800] [INFO] [cadence.virtuoso.ade.simulationMonitor] - Notice from spectre during topology check.
    No DC path from node `I0.I31.mn9.msky130_fd_pr__nfet_01v8:sbnode' to ground, Gmin installed to provide path.
    No DC path from node `I0.net41' to ground, Gmin installed to provide path.
    No DC path from node `I0.net71' to ground, Gmin installed to provide path. {"history": "Interactive.6", "point": 1, "testname": "adder_carry-save_tb_1", "cornername": "Nominal"}
[2024-12-10 23:34:00.053 -0800] [INFO] [cadence.virtuoso.ade.simulationMonitor] -               nodes 246 {"history": "Interactive.6", "point": 1, "testname": "adder_carry-save_tb_1", "cornername": "Nominal"}
[2024-12-10 23:34:00.058 -0800] [INFO] [cadence.virtuoso.ade.simulationMonitor] - Notice from spectre during initial setup.
    2 vsources are short because their absolute value is less than or equal to 'vabsshort'.
    APS Enabled.
    Multithreading Enabled: 8 threads in the system with 8 available processors. {"history": "Interactive.6", "point": 1, "testname": "adder_carry-save_tb_1", "cornername": "Nominal"}
[2024-12-10 23:34:00.058 -0800] [INFO] [cadence.virtuoso.ade.simulationMonitor] - Peak resident memory used = 154 Mbytes. {"history": "Interactive.6", "point": 1, "testname": "adder_carry-save_tb_1", "cornername": "Nominal"}
[2024-12-10 23:34:00.058 -0800] [INFO] [cadence.virtuoso.ade.simulationMonitor] - Total time required for tran analysis `tran': CPU = 311.179 ms, elapsed = 176.855 ms. {"history": "Interactive.6", "point": 1, "testname": "adder_carry-save_tb_1", "cornername": "Nominal"}
[2024-12-10 23:34:00.058 -0800] [INFO] [cadence.virtuoso.ade.simulationMonitor] - Peak resident memory used = 165 Mbytes. {"history": "Interactive.6", "point": 1, "testname": "adder_carry-save_tb_1", "cornername": "Nominal"}
[2024-12-10 23:34:00.559 -0800] [INFO] [cadence.virtuoso.ade.simulationMonitor] - Time used: CPU = 1.48 s, elapsed = 1.94 s, util. = 76.4%. {"history": "Interactive.6", "point": 1, "testname": "adder_carry-save_tb_1", "cornername": "Nominal"}
[2024-12-10 23:34:00.559 -0800] [INFO] [cadence.virtuoso.ade.simulationMonitor] - Time spent in licensing: elapsed = 101 ms, percentage of total = 5.23%. {"history": "Interactive.6", "point": 1, "testname": "adder_carry-save_tb_1", "cornername": "Nominal"}
[2024-12-10 23:34:00.569 -0800] [INFO] [cadence.virtuoso.ade.simulationMonitor] - Peak memory used = 173 Mbytes. {"history": "Interactive.6", "point": 1, "testname": "adder_carry-save_tb_1", "cornername": "Nominal"}
[2024-12-10 23:34:00.582 -0800] [PROCESS] [cadence.virtuoso.ade.simulationMonitor] - Simulation started at: 11:33:58 PM, Tue Dec 10, 2024, ended at: 11:34:00 PM, Tue Dec 10, 2024, with elapsed time (wall clock): 1.94 s. {"history": "Interactive.6", "point": 1, "testname": "adder_carry-save_tb_1", "cornername": "Nominal"}
[2024-12-10 23:34:00.582 -0800] [PROCESS] [cadence.virtuoso.ade.simulationMonitor] - spectre completes with 0 errors, 4 warnings, and 7 notices. {"history": "Interactive.6", "point": 1, "testname": "adder_carry-save_tb_1", "cornername": "Nominal"}
[2024-12-10 23:34:00.582 -0800] [PROCESS] [cadence.virtuoso.ade.simulationMonitor] - Finished simulating for one point {"hostname": "ecellvm-20.engr.ucsb.edu", "processid": 50952, "history": "Interactive.6", "testname": "adder_carry-save_tb_1", "cornername": "Nominal", "point": 1, "logfile": "/fs/student/mdtang/finalECE122A/logs_mdtang/logs0/Job3.log", "simid": "3"}
[2024-12-10 23:34:00.583 -0800] [PROCESS] [cadence.virtuoso.ade.simulationMonitor] - Simulator exited {"hostname": "ecellvm-20.engr.ucsb.edu", "processid": 50952, "history": "Interactive.6", "testname": "adder_carry-save_tb_1", "cornername": "Nominal", "point": 1, "logfile": "/fs/student/mdtang/finalECE122A/logs_mdtang/logs0/Job3.log", "exitStatus": "0"}
[2024-12-10 23:34:00.583 -0800] [PROCESS] [cadence.virtuoso.ade.simulationMonitor] - Finished Simulation {"hostname": "ecellvm-20.engr.ucsb.edu", "processid": 50952, "history": "Interactive.6", "testname": "adder_carry-save_tb_1", "cornername": "Nominal", "point": 1, "logfile": "/fs/student/mdtang/finalECE122A/logs_mdtang/logs0/Job3.log", "simid": "3"}
[2024-12-10 23:34:03.143 -0800] [PROCESS] [cadence.virtuoso.ade.simulationMonitor] - Point Finished {"hostname": "ecellvm-20.engr.ucsb.edu", "processid": 50952, "history": "Interactive.6", "testname": "adder_carry-save_tb_1", "cornername": "Nominal", "point": 1, "logfile": "/fs/student/mdtang/finalECE122A/logs_mdtang/logs0/Job3.log"}
[2024-12-10 23:34:04.146 -0800] [PROCESS] [cadence.virtuoso.ade.simulationMonitor] - Stay with the runId '6', Linger time '300', currentRunSyn '13', currentTestSyn '14' {"hostname": "ecellvm-20.engr.ucsb.edu", "processid": 50952, "history": "Interactive.6", "testname": "adder_carry-save_tb_1", "cornername": "Nominal", "point": 1, "logfile": "/fs/student/mdtang/finalECE122A/logs_mdtang/logs0/Job3.log"}
[2024-12-10 23:39:04.427 -0800] [PROCESS] [cadence.virtuoso.ade.simulationMonitor] - Current memory used: 54.0820 MBytes, peak memory used: 54.0820 MBytes {"hostname": "ecellvm-20.engr.ucsb.edu", "processid": 50952, "history": "Interactive.6", "testname": "adder_carry-save_tb_1", "cornername": "Nominal", "point": 1, "logfile": "/fs/student/mdtang/finalECE122A/logs_mdtang/logs0/Job3.log"}
[2024-12-10 23:39:04.428 -0800] [PROCESS] [cadence.virtuoso.ade.simulationMonitor] - Simulation Monitor process exit. {"hostname": "ecellvm-20.engr.ucsb.edu", "processid": 50952, "history": "Interactive.6", "testname": "adder_carry-save_tb_1", "cornername": "Nominal", "point": 1, "logfile": "/fs/student/mdtang/finalECE122A/logs_mdtang/logs0/Job3.log"}
