[Simulation Monitor: 4]
[2024-12-10 23:41:11.633 -0800] [PROCESS] [cadence.virtuoso.ade.simulationMonitor] - Simulation Monitor has successfully started up. Trying to set up communication channels to other components ... {"hostname": "ecellvm-20.engr.ucsb.edu", "processid": 54576, "logfile": "/fs/student/mdtang/finalECE122A/logs_mdtang/logs0/Job4.log"}
[2024-12-10 23:41:11.636 -0800] [PROCESS] [cadence.virtuoso.ade.simulationMonitor] - Communication channels have been successfully set up. Start processing events ... {"hostname": "ecellvm-20.engr.ucsb.edu", "processid": 54576, "logfile": "/fs/student/mdtang/finalECE122A/logs_mdtang/logs0/Job4.log"}
[2024-12-10 23:41:11.636 -0800] [PROCESS] [cadence.virtuoso.ade.simulationMonitor] - Considering to start history {"hostname": "ecellvm-20.engr.ucsb.edu", "processid": 54576, "history": "Interactive.0", "logfile": "/fs/student/mdtang/finalECE122A/logs_mdtang/logs0/Job4.log"}
[2024-12-10 23:41:11.663 -0800] [PROCESS] [cadence.virtuoso.ade.simulationMonitor] - Started History {"hostname": "ecellvm-20.engr.ucsb.edu", "processid": 54576, "history": "Interactive.7", "logfile": "/fs/student/mdtang/finalECE122A/logs_mdtang/logs0/Job4.log"}
[2024-12-10 23:41:11.663 -0800] [PROCESS] [cadence.virtuoso.ade.simulationMonitor] - HostInfo:
Host name (type):	ecellvm-20.engr.ucsb.edu (x86_64)
Operating system:	Linux 4.18.0-553.30.1.el8_10.x86_64 #1 SMP Tue Nov 26 18:56:25 UTC 2024 {"hostname": "ecellvm-20.engr.ucsb.edu", "processid": 54576, "history": "Interactive.7", "logfile": "/fs/student/mdtang/finalECE122A/logs_mdtang/logs0/Job4.log", "nodename": "ecellvm-20.engr.ucsb.edu", "domainname": "(none)", "machine": "x86_64", "sysname": "Linux", "release": "4.18.0-553.30.1.el8_10.x86_64", "version": "#1 SMP Tue Nov 26 18:56:25 UTC 2024"}
[2024-12-10 23:41:11.664 -0800] [PROCESS] [cadence.virtuoso.ade.simulationMonitor] - UsageInfo:
pid=54576
totalPhysicalMemory=15.640755GB,Used=9.167252GB,totalVirtualMemory=18.843876GB,Used=9.167252GB
Cpu: Cores=8, Load average:0.740000,0.590000,0.720000 {"hostname": "ecellvm-20.engr.ucsb.edu", "processid": 54576, "history": "Interactive.7", "logfile": "/fs/student/mdtang/finalECE122A/logs_mdtang/logs0/Job4.log", "pid": "54576", "totalPhysicalMemory": "15.640755", "physicalMemoryUsed": "9.167252", "totalVirtualMemory": "18.843876", "virtualMemoryUsed": "9.167252", "cpuCores": "8", "processes": "1571", "loadAverage1": "0.740000", "loadAverage5": "0.590000", "loadAverage15": "0.720000", "loadAverage1Percent": "0.092500"}
[2024-12-10 23:41:11.680 -0800] [EVENT] [cadence.virtuoso.ade.simulationMonitor] - NewPoint {"history": "Interactive.7", "point": 1, "testname": "adder_carry-save_tb_1", "cornername": "Nominal", "event": "NewPoint", "EventSource": "Simulation Monitor", "HistoryName": "Interactive.7", "logFile": "/fs/student/mdtang/finalECE122A/logs_mdtang/logs0/Job4.log", "logFileSize": "2522"}
[2024-12-10 23:41:11.800 -0800] [EVENT] [cadence.virtuoso.ade.simulationMonitor] - NewPoint {"history": "Interactive.7", "point": 1, "testname": "adder_carry-save_tb_1", "cornername": "Nominal", "event": "NewPoint", "EventSource": "spectre", "HistoryName": "Interactive.7", "logFile": "/fs/student/mdtang/simulation/adder/carry-save_tb/maestro/results/maestro/Interactive.7/1/adder_carry-save_tb_1/psf/spectre.out", "logFileSize": "-1"}
[2024-12-10 23:41:11.867 -0800] [PROCESS] [cadence.virtuoso.ade.simulationMonitor] - Simulator launched {"hostname": "ecellvm-20.engr.ucsb.edu", "processid": 54576, "history": "Interactive.7", "testname": "adder_carry-save_tb_1", "cornername": "Nominal", "point": 1, "logfile": "/fs/student/mdtang/finalECE122A/logs_mdtang/logs0/Job4.log", "simid": "1"}
[2024-12-10 23:41:11.874 -0800] [PROCESS] [cadence.virtuoso.ade.simulationMonitor] - Expression evaluator launched {"hostname": "ecellvm-20.engr.ucsb.edu", "processid": 54576, "history": "Interactive.7", "testname": "adder_carry-save_tb_1", "cornername": "Nominal", "point": 1, "logfile": "/fs/student/mdtang/finalECE122A/logs_mdtang/logs0/Job4.log"}
[2024-12-10 23:41:11.993 -0800] [PROCESS] [cadence.virtuoso.ade.simulationMonitor] - Started Simulation {"hostname": "ecellvm-20.engr.ucsb.edu", "processid": 54576, "history": "Interactive.7", "testname": "adder_carry-save_tb_1", "cornername": "Nominal", "point": 1, "logfile": "/fs/student/mdtang/finalECE122A/logs_mdtang/logs0/Job4.log", "event": "started", "task": "simulation"}
[2024-12-10 23:41:14.494 -0800] [INFO] [cadence.virtuoso.ade.simulationMonitor] - Peak resident memory used = 124 Mbytes. {"history": "Interactive.7", "point": 1, "testname": "adder_carry-save_tb_1", "cornername": "Nominal"}
[2024-12-10 23:41:14.494 -0800] [INFO] [cadence.virtuoso.ade.simulationMonitor] - Peak resident memory used = 139 Mbytes. {"history": "Interactive.7", "point": 1, "testname": "adder_carry-save_tb_1", "cornername": "Nominal"}
[2024-12-10 23:41:14.495 -0800] [WARN] [cadence.virtuoso.ade.simulationMonitor] -     WARNING (SPECTRE-17101): The value 'psf' specified for the 'checklimitdest' option will no longer be supported in future releases. Use 'spectre -h' to see other recommended values for the 'checklimitdest' option. {"history": "Interactive.7", "point": 1, "testname": "adder_carry-save_tb_1", "cornername": "Nominal"}
[2024-12-10 23:41:14.495 -0800] [INFO] [cadence.virtuoso.ade.simulationMonitor] - Peak resident memory used = 141 Mbytes. {"history": "Interactive.7", "point": 1, "testname": "adder_carry-save_tb_1", "cornername": "Nominal"}
[2024-12-10 23:41:14.495 -0800] [INFO] [cadence.virtuoso.ade.simulationMonitor] - Notice from spectre during topology check.
    No DC path from node `I0.net41' to ground, Gmin installed to provide path.
    No DC path from node `I0.net71' to ground, Gmin installed to provide path. {"history": "Interactive.7", "point": 1, "testname": "adder_carry-save_tb_1", "cornername": "Nominal"}
[2024-12-10 23:41:14.547 -0800] [INFO] [cadence.virtuoso.ade.simulationMonitor] -               nodes 244 {"history": "Interactive.7", "point": 1, "testname": "adder_carry-save_tb_1", "cornername": "Nominal"}
[2024-12-10 23:41:14.556 -0800] [INFO] [cadence.virtuoso.ade.simulationMonitor] - Notice from spectre during initial setup.
    1 vsources are short because their absolute value is less than or equal to 'vabsshort'.
    APS Enabled.
    Multithreading Enabled: 8 threads in the system with 8 available processors. {"history": "Interactive.7", "point": 1, "testname": "adder_carry-save_tb_1", "cornername": "Nominal"}
[2024-12-10 23:41:14.557 -0800] [INFO] [cadence.virtuoso.ade.simulationMonitor] - Peak resident memory used = 151 Mbytes. {"history": "Interactive.7", "point": 1, "testname": "adder_carry-save_tb_1", "cornername": "Nominal"}
[2024-12-10 23:41:15.057 -0800] [INFO] [cadence.virtuoso.ade.simulationMonitor] - Total time required for tran analysis `tran': CPU = 668.333 ms, elapsed = 348.967 ms. {"history": "Interactive.7", "point": 1, "testname": "adder_carry-save_tb_1", "cornername": "Nominal"}
[2024-12-10 23:41:15.057 -0800] [INFO] [cadence.virtuoso.ade.simulationMonitor] - Peak resident memory used = 161 Mbytes. {"history": "Interactive.7", "point": 1, "testname": "adder_carry-save_tb_1", "cornername": "Nominal"}
[2024-12-10 23:41:15.057 -0800] [INFO] [cadence.virtuoso.ade.simulationMonitor] - Time used: CPU = 1.87 s, elapsed = 2.73 s, util. = 68.4%. {"history": "Interactive.7", "point": 1, "testname": "adder_carry-save_tb_1", "cornername": "Nominal"}
[2024-12-10 23:41:15.058 -0800] [INFO] [cadence.virtuoso.ade.simulationMonitor] - Time spent in licensing: elapsed = 95 ms. {"history": "Interactive.7", "point": 1, "testname": "adder_carry-save_tb_1", "cornername": "Nominal"}
[2024-12-10 23:41:15.064 -0800] [INFO] [cadence.virtuoso.ade.simulationMonitor] - Peak memory used = 169 Mbytes. {"history": "Interactive.7", "point": 1, "testname": "adder_carry-save_tb_1", "cornername": "Nominal"}
[2024-12-10 23:41:15.089 -0800] [PROCESS] [cadence.virtuoso.ade.simulationMonitor] - Simulation started at: 11:41:12 PM, Tue Dec 10, 2024, ended at: 11:41:14 PM, Tue Dec 10, 2024, with elapsed time (wall clock): 2.73 s. {"history": "Interactive.7", "point": 1, "testname": "adder_carry-save_tb_1", "cornername": "Nominal"}
[2024-12-10 23:41:15.090 -0800] [PROCESS] [cadence.virtuoso.ade.simulationMonitor] - spectre completes with 0 errors, 1 warning, and 6 notices. {"history": "Interactive.7", "point": 1, "testname": "adder_carry-save_tb_1", "cornername": "Nominal"}
[2024-12-10 23:41:15.590 -0800] [PROCESS] [cadence.virtuoso.ade.simulationMonitor] - Finished simulating for one point {"hostname": "ecellvm-20.engr.ucsb.edu", "processid": 54576, "history": "Interactive.7", "testname": "adder_carry-save_tb_1", "cornername": "Nominal", "point": 1, "logfile": "/fs/student/mdtang/finalECE122A/logs_mdtang/logs0/Job4.log", "simid": "1"}
[2024-12-10 23:41:15.591 -0800] [PROCESS] [cadence.virtuoso.ade.simulationMonitor] - Simulator exited {"hostname": "ecellvm-20.engr.ucsb.edu", "processid": 54576, "history": "Interactive.7", "testname": "adder_carry-save_tb_1", "cornername": "Nominal", "point": 1, "logfile": "/fs/student/mdtang/finalECE122A/logs_mdtang/logs0/Job4.log", "exitStatus": "0"}
[2024-12-10 23:41:15.591 -0800] [PROCESS] [cadence.virtuoso.ade.simulationMonitor] - Finished Simulation {"hostname": "ecellvm-20.engr.ucsb.edu", "processid": 54576, "history": "Interactive.7", "testname": "adder_carry-save_tb_1", "cornername": "Nominal", "point": 1, "logfile": "/fs/student/mdtang/finalECE122A/logs_mdtang/logs0/Job4.log", "simid": "1"}
[2024-12-10 23:41:17.653 -0800] [PROCESS] [cadence.virtuoso.ade.simulationMonitor] - Point Finished {"hostname": "ecellvm-20.engr.ucsb.edu", "processid": 54576, "history": "Interactive.7", "testname": "adder_carry-save_tb_1", "cornername": "Nominal", "point": 1, "logfile": "/fs/student/mdtang/finalECE122A/logs_mdtang/logs0/Job4.log"}
[2024-12-10 23:42:58.915 -0800] [PROCESS] [cadence.virtuoso.ade.simulationMonitor] - Started History {"hostname": "ecellvm-20.engr.ucsb.edu", "processid": 54576, "history": "Interactive.8", "testname": "adder_carry-save_tb_1", "cornername": "Nominal", "point": 1, "logfile": "/fs/student/mdtang/finalECE122A/logs_mdtang/logs0/Job4.log"}
[2024-12-10 23:42:58.915 -0800] [PROCESS] [cadence.virtuoso.ade.simulationMonitor] - HostInfo:
Host name (type):	ecellvm-20.engr.ucsb.edu (x86_64)
Operating system:	Linux 4.18.0-553.30.1.el8_10.x86_64 #1 SMP Tue Nov 26 18:56:25 UTC 2024 {"hostname": "ecellvm-20.engr.ucsb.edu", "processid": 54576, "history": "Interactive.8", "testname": "adder_carry-save_tb_1", "cornername": "Nominal", "point": 1, "logfile": "/fs/student/mdtang/finalECE122A/logs_mdtang/logs0/Job4.log", "nodename": "ecellvm-20.engr.ucsb.edu", "domainname": "(none)", "machine": "x86_64", "sysname": "Linux", "release": "4.18.0-553.30.1.el8_10.x86_64", "version": "#1 SMP Tue Nov 26 18:56:25 UTC 2024"}
[2024-12-10 23:42:58.916 -0800] [PROCESS] [cadence.virtuoso.ade.simulationMonitor] - UsageInfo:
pid=54576
totalPhysicalMemory=15.640755GB,Used=9.233551GB,totalVirtualMemory=18.843876GB,Used=9.233551GB
Cpu: Cores=8, Load average:1.750000,1.060000,0.880000 {"hostname": "ecellvm-20.engr.ucsb.edu", "processid": 54576, "history": "Interactive.8", "testname": "adder_carry-save_tb_1", "cornername": "Nominal", "point": 1, "logfile": "/fs/student/mdtang/finalECE122A/logs_mdtang/logs0/Job4.log", "pid": "54576", "totalPhysicalMemory": "15.640755", "physicalMemoryUsed": "9.233551", "totalVirtualMemory": "18.843876", "virtualMemoryUsed": "9.233551", "cpuCores": "8", "processes": "1572", "loadAverage1": "1.750000", "loadAverage5": "1.060000", "loadAverage15": "0.880000", "loadAverage1Percent": "0.218750"}
[2024-12-10 23:42:58.921 -0800] [EVENT] [cadence.virtuoso.ade.simulationMonitor] - NewPoint {"history": "Interactive.8", "point": 1, "testname": "adder_carry-save_tb_1", "cornername": "Nominal", "event": "NewPoint", "EventSource": "Simulation Monitor", "HistoryName": "Interactive.8", "logFile": "/fs/student/mdtang/finalECE122A/logs_mdtang/logs0/Job4.log", "logFileSize": "11722"}
[2024-12-10 23:42:59.024 -0800] [EVENT] [cadence.virtuoso.ade.simulationMonitor] - NewPoint {"history": "Interactive.8", "point": 1, "testname": "adder_carry-save_tb_1", "cornername": "Nominal", "event": "NewPoint", "EventSource": "spectre", "HistoryName": "Interactive.8", "logFile": "/fs/student/mdtang/simulation/adder/carry-save_tb/maestro/results/maestro/Interactive.8/1/adder_carry-save_tb_1/psf/spectre.out", "logFileSize": "-1"}
[2024-12-10 23:42:59.075 -0800] [PROCESS] [cadence.virtuoso.ade.simulationMonitor] - Simulator launched {"hostname": "ecellvm-20.engr.ucsb.edu", "processid": 54576, "history": "Interactive.8", "testname": "adder_carry-save_tb_1", "cornername": "Nominal", "point": 1, "logfile": "/fs/student/mdtang/finalECE122A/logs_mdtang/logs0/Job4.log", "simid": "2"}
[2024-12-10 23:42:59.084 -0800] [PROCESS] [cadence.virtuoso.ade.simulationMonitor] - Expression evaluator launched {"hostname": "ecellvm-20.engr.ucsb.edu", "processid": 54576, "history": "Interactive.8", "testname": "adder_carry-save_tb_1", "cornername": "Nominal", "point": 1, "logfile": "/fs/student/mdtang/finalECE122A/logs_mdtang/logs0/Job4.log"}
[2024-12-10 23:42:59.182 -0800] [PROCESS] [cadence.virtuoso.ade.simulationMonitor] - Started Simulation {"hostname": "ecellvm-20.engr.ucsb.edu", "processid": 54576, "history": "Interactive.8", "testname": "adder_carry-save_tb_1", "cornername": "Nominal", "point": 1, "logfile": "/fs/student/mdtang/finalECE122A/logs_mdtang/logs0/Job4.log", "event": "started", "task": "simulation"}
[2024-12-10 23:43:01.182 -0800] [INFO] [cadence.virtuoso.ade.simulationMonitor] - Peak resident memory used = 125 Mbytes. {"history": "Interactive.8", "point": 1, "testname": "adder_carry-save_tb_1", "cornername": "Nominal"}
[2024-12-10 23:43:01.183 -0800] [INFO] [cadence.virtuoso.ade.simulationMonitor] - Peak resident memory used = 140 Mbytes. {"history": "Interactive.8", "point": 1, "testname": "adder_carry-save_tb_1", "cornername": "Nominal"}
[2024-12-10 23:43:01.183 -0800] [WARN] [cadence.virtuoso.ade.simulationMonitor] -     WARNING (SPECTRE-17101): The value 'psf' specified for the 'checklimitdest' option will no longer be supported in future releases. Use 'spectre -h' to see other recommended values for the 'checklimitdest' option. {"history": "Interactive.8", "point": 1, "testname": "adder_carry-save_tb_1", "cornername": "Nominal"}
[2024-12-10 23:43:01.183 -0800] [INFO] [cadence.virtuoso.ade.simulationMonitor] - Peak resident memory used = 142 Mbytes. {"history": "Interactive.8", "point": 1, "testname": "adder_carry-save_tb_1", "cornername": "Nominal"}
[2024-12-10 23:43:01.183 -0800] [INFO] [cadence.virtuoso.ade.simulationMonitor] - Notice from spectre during topology check.
    No DC path from node `I0.net41' to ground, Gmin installed to provide path.
    No DC path from node `I0.net71' to ground, Gmin installed to provide path. {"history": "Interactive.8", "point": 1, "testname": "adder_carry-save_tb_1", "cornername": "Nominal"}
[2024-12-10 23:43:01.214 -0800] [INFO] [cadence.virtuoso.ade.simulationMonitor] -               nodes 244 {"history": "Interactive.8", "point": 1, "testname": "adder_carry-save_tb_1", "cornername": "Nominal"}
[2024-12-10 23:43:01.218 -0800] [INFO] [cadence.virtuoso.ade.simulationMonitor] - Notice from spectre during initial setup.
    1 vsources are short because their absolute value is less than or equal to 'vabsshort'.
    APS Enabled.
    Multithreading Enabled: 8 threads in the system with 8 available processors. {"history": "Interactive.8", "point": 1, "testname": "adder_carry-save_tb_1", "cornername": "Nominal"}
[2024-12-10 23:43:01.218 -0800] [INFO] [cadence.virtuoso.ade.simulationMonitor] - Peak resident memory used = 152 Mbytes. {"history": "Interactive.8", "point": 1, "testname": "adder_carry-save_tb_1", "cornername": "Nominal"}
[2024-12-10 23:43:01.719 -0800] [INFO] [cadence.virtuoso.ade.simulationMonitor] - Total time required for tran analysis `tran': CPU = 725.046 ms, elapsed = 339.8 ms. {"history": "Interactive.8", "point": 1, "testname": "adder_carry-save_tb_1", "cornername": "Nominal"}
[2024-12-10 23:43:01.719 -0800] [INFO] [cadence.virtuoso.ade.simulationMonitor] - Peak resident memory used = 163 Mbytes. {"history": "Interactive.8", "point": 1, "testname": "adder_carry-save_tb_1", "cornername": "Nominal"}
[2024-12-10 23:43:02.220 -0800] [INFO] [cadence.virtuoso.ade.simulationMonitor] - Time used: CPU = 1.85 s, elapsed = 2.36 s, util. = 78.3%. {"history": "Interactive.8", "point": 1, "testname": "adder_carry-save_tb_1", "cornername": "Nominal"}
[2024-12-10 23:43:02.220 -0800] [INFO] [cadence.virtuoso.ade.simulationMonitor] - Time spent in licensing: elapsed = 114 ms. {"history": "Interactive.8", "point": 1, "testname": "adder_carry-save_tb_1", "cornername": "Nominal"}
[2024-12-10 23:43:02.229 -0800] [INFO] [cadence.virtuoso.ade.simulationMonitor] - Peak memory used = 171 Mbytes. {"history": "Interactive.8", "point": 1, "testname": "adder_carry-save_tb_1", "cornername": "Nominal"}
[2024-12-10 23:43:02.250 -0800] [PROCESS] [cadence.virtuoso.ade.simulationMonitor] - Simulation started at: 11:42:59 PM, Tue Dec 10, 2024, ended at: 11:43:01 PM, Tue Dec 10, 2024, with elapsed time (wall clock): 2.36 s. {"history": "Interactive.8", "point": 1, "testname": "adder_carry-save_tb_1", "cornername": "Nominal"}
[2024-12-10 23:43:02.250 -0800] [PROCESS] [cadence.virtuoso.ade.simulationMonitor] - spectre completes with 0 errors, 1 warning, and 6 notices. {"history": "Interactive.8", "point": 1, "testname": "adder_carry-save_tb_1", "cornername": "Nominal"}
[2024-12-10 23:43:02.250 -0800] [PROCESS] [cadence.virtuoso.ade.simulationMonitor] - Finished simulating for one point {"hostname": "ecellvm-20.engr.ucsb.edu", "processid": 54576, "history": "Interactive.8", "testname": "adder_carry-save_tb_1", "cornername": "Nominal", "point": 1, "logfile": "/fs/student/mdtang/finalECE122A/logs_mdtang/logs0/Job4.log", "simid": "2"}
[2024-12-10 23:43:02.251 -0800] [PROCESS] [cadence.virtuoso.ade.simulationMonitor] - Simulator exited {"hostname": "ecellvm-20.engr.ucsb.edu", "processid": 54576, "history": "Interactive.8", "testname": "adder_carry-save_tb_1", "cornername": "Nominal", "point": 1, "logfile": "/fs/student/mdtang/finalECE122A/logs_mdtang/logs0/Job4.log", "exitStatus": "0"}
[2024-12-10 23:43:02.251 -0800] [PROCESS] [cadence.virtuoso.ade.simulationMonitor] - Finished Simulation {"hostname": "ecellvm-20.engr.ucsb.edu", "processid": 54576, "history": "Interactive.8", "testname": "adder_carry-save_tb_1", "cornername": "Nominal", "point": 1, "logfile": "/fs/student/mdtang/finalECE122A/logs_mdtang/logs0/Job4.log", "simid": "2"}
[2024-12-10 23:43:04.284 -0800] [PROCESS] [cadence.virtuoso.ade.simulationMonitor] - Point Finished {"hostname": "ecellvm-20.engr.ucsb.edu", "processid": 54576, "history": "Interactive.8", "testname": "adder_carry-save_tb_1", "cornername": "Nominal", "point": 1, "logfile": "/fs/student/mdtang/finalECE122A/logs_mdtang/logs0/Job4.log"}
[2024-12-10 23:48:05.528 -0800] [PROCESS] [cadence.virtuoso.ade.simulationMonitor] - Current memory used: 53.7578 MBytes, peak memory used: 53.7578 MBytes {"hostname": "ecellvm-20.engr.ucsb.edu", "processid": 54576, "history": "Interactive.8", "testname": "adder_carry-save_tb_1", "cornername": "Nominal", "point": 1, "logfile": "/fs/student/mdtang/finalECE122A/logs_mdtang/logs0/Job4.log"}
[2024-12-10 23:48:05.528 -0800] [PROCESS] [cadence.virtuoso.ade.simulationMonitor] - Simulation Monitor process exit. {"hostname": "ecellvm-20.engr.ucsb.edu", "processid": 54576, "history": "Interactive.8", "testname": "adder_carry-save_tb_1", "cornername": "Nominal", "point": 1, "logfile": "/fs/student/mdtang/finalECE122A/logs_mdtang/logs0/Job4.log"}
