\# Program start time:     UTC 2024.12.11 07:09:41.026
\# Local time: PST (UTC-08:00) 2024.12.10 23:09:41.026
\o Program:		@(#)$CDS: virtuoso version ICADVM20.1-64b 10/11/2023 09:26 (cpgbld01) $
\o Hierarchy:		/fs/ece/cadence/rhel8/ICADVM201/tools.lnx86/dfII/
\o Sub version:		sub-version  ICADVM20.1-64b.500.34  (64-bit addresses)
\# Command line:	/ece/cadence/rhel8/ICADVM201/tools.lnx86/dfII/bin/64bit/virtuoso -beanhost ecellvm-20.engr.ucsb.edu -beanport 11300 -beanbinlog  -beanLogFile /fs/student/mdtang/finalECE122A/logs_mdtang/logs0/amps_Service1.log -mpssession virtuoso32537 -mpshost ecellvm-20.engr.ucsb.edu -davinciService DaVinciService_32537_1733900969 -axlSession fnxSession0 -axlServiceIdFlag 1 -uuid 57152793-bd66-45f1-9678-a25db782f2af -heartbeat /dev/shm/swift-heartbeat.NEv4ag4tlx -log /fs/student/mdtang/finalECE122A/logs_mdtang/logs0/Service1.log -noautostart -nographE -lscs 000175E1894CBE06FF0966E38F1FFC06BC4D7CE5E27BFC06D22A6FF98751912BD03B72B78C01CD28867C66E3BF1FFC06BC4D66E38F1FFC06BC4D01BAB5ADC6B4DB1400001E6A -interactive -offlineExprEval -fenixMode assembler -heartbeatTimeout  -lingerTimeout 300 -pointlifetime -1
\# Host name (type):	ecellvm-20.engr.ucsb.edu (x86_64)
\# Operating system:	Linux 4.18.0-553.30.1.el8_10.x86_64 #1 SMP Tue Nov 26 18:56:25 UTC 2024
\# Linux /etc/issue:	\S
\# Linux /etc/issue:	Kernel \r on an \m
\# X display name (WxH):	:3817 (1024x868)
\# Available geometry:			TL(0:0) BR(1023:867)
\# X server:			The X.Org Foundation
\# Depth of Visual (Root):	24 (24)
\# Number of Planes Used:	24
\# X version:		11.0 (vendor release 12011000)
\# X resource pool:	base 0x400000, mask 0x1fffff (2097151), shift 0
\# 			current id 0x0, current max 0x1ffffa (2097146)
\# Max data seg size:	     unlimited
\# Max process size:	     unlimited
\# Initial sbrk value:	        640 MB
\# Available memory:	     17,746 MB
\# System memory:	     19,296 MB
\# Maximum memory size:	     18,776 MB
\# Max mem available:	     17,866 MB
\# Initial memory used:	        120 MB
\#        process size:	      1,699 MB
\# Thread usage limits (effective/default):	maxthreads 63838/63838 maxload 8.00/8.00
\# Qt version:		5.9.1
\# Window Manager:	other
\# User Name:		mdtang
\o Working Directory:	ecellvm-20.engr.ucsb.edu:/fs/student/mdtang/finalECE122A
\# Process Id:		43640
\o 
\o COPYRIGHT (C) 1992-2023  CADENCE DESIGN SYSTEMS INC.  ALL RIGHTS RESERVED.
\o           (C) 1992-2023  UNIX SYSTEMS Laboratories INC.,
\o                          Reproduced with permission.
\o 
\o This Cadence Design Systems program and online documentation are
\o proprietary/confidential information and may be disclosed/used only
\o as authorized in a license agreement controlling such use and disclosure.
\o 
\o           RESTRICTED RIGHTS NOTICE (SHORT FORM)
\o Use/reproduction/disclosure is subject to restriction
\o set forth at FAR 1252.227-19 or its equivalent.
\o Loading geView.cxt 
\o Loading menuBuilder.cxt 
\o Loading schView.cxt 
\o Loading selectSv.cxt 
\o Loading pvsui.cxt
\o Loading wireEdit.cxt 
\o Loading pte2.cxt 
\o Loading xlUI.cxt 
\o Loading auCore.cxt 
\o Loading vhdl.cxt 
\o Loading seismic.cxt 
\o Loading ci.cxt 
\o Loading layers.cxt 
\o Loading ams.cxt 
\o Loading oasis.cxt 
\o Loading analog.cxt 
\o Loading asimenv.cxt 
\o Loading dal.cxt 
\o Loading awv.cxt 
\o Loading socket.cxt 
\o Loading par.cxt 
\o Loading alvs.cxt 
\o Loading caa.cxt 
\o Loading amps.cxt 
\o Loading adexlCore.cxt 
\o Loading adexl.cxt 
\# Memory report: using         249 MB, process size 1,953 MB at UTC 2024.12.11 07:09:45.188
\o *Info*    Exporting services from client ... 
\o 
\o Loading adexlDM.cxt 
\o Loading cpf.cxt 
\o Loading cli.cxt 
\o Loading lp.cxt 
\o INFO (ELI-00302) Connecting to parent process (session=virtuoso32537, host=ecellvm-20.engr.ucsb.edu). Connection mode is LSCS. Total timeout is 180 seconds. Connection timeout is 90 seconds.
\o INFO (ELI-00303) Step 1: Connecting to parent. Time spent is 0 seconds.
\o INFO (ELI-00304) The registration of the child 43640 within 90 seconds is being processed...
\o INFO (ELI-00305) The result of registration is true. Time spent is 0 seconds.
\o INFO (ELI-00308) The connection has ended. Result is true. Total time spent is 0 seconds.
\# [23:09:41.337308] Configured Lic search path (22.01-s002): 5280@license.ece.ucsb.edu:1781@license.ece.ucsb.edu:1717@license.ece.ucsb.edu:27000@license.engr.ucsb.edu
\p > 
\# Loading perfDiag...
\# (PerfDiag): Set GDB path to environment variable 'gdbPath' (gdb).
\w *WARNING* (PerfDiag): The GDB command 'gdb' is not found or is invalid.
\# Performance Diagnostic tool is installed. You can access PerfDiag from CIW Tools or use the shell command 'cdsPerfDiag -p 43640' to open it when Virtuoso freezes.
\# (PerfDiag): Use backtrace from GLIBC.
\w *WARNING* (PerfDiag): The GDB-related functionality has been disabled. Use the 'gdbPath' environment variable to set a valid GDB path or set one of the SHELL environment variables CDS_DEBUGGER, DEBUGGER, or GDB, and restart Virtuoso.
\i _axlRunServices()
\# [23:09:47.265041] Periodic Lic check successful
\# [23:09:47.265059] Feature usage summary:
\o Loading simui.cxt 
\o [2024-12-10 23:09:47.298 -0800] [PROCESS] [cadence.virtuoso.ade.services] - Netlist Service has successfully started. Waiting for incoming messages ... {"hostname": "ecellvm-20.engr.ucsb.edu", "processid": 43640, "logfile": "/fs/student/mdtang/finalECE122A/logs_mdtang/logs0/Service1.log"}
\# Available memory:         17,653 MB at UTC 2024.12.11 07:09:51.355
\# Memory report: Maximum memory size now 17,954 MB at UTC 2024.12.11 07:09:51.355
\# Thread usage report: 14 active threads, active load 1.40 at UTC 2024.12.11 07:09:51.355
\o Loading vdsil.cxt 
\# Lic Summary:
\# [23:14:51.032362] Cdslmd servers:5280@license.ece.ucsb.edu:1781@license.ece.ucsb.edu:1717@license.ece.ucsb.edu:27000@license.engr.ucsb.edu
\# [23:14:51.032411] Feature usage summary:
\# Memory report: on exit            301 MB, process size 2,077 MB at UTC 2024.12.11 07:14:51.032
\# Memory report: peak usage         301 MB, process size 2,077 MB
