[ADE GUI: 128e0a57-f134-4d7c-8eb0-82a78d1d4167]
[2024-12-10 23:09:38.636 -0800] [PROCESS] [cadence.virtuoso.ade.gui] - /fs/student/mdtang/finalECE122A/.tmp_mdtang/.cmddir0/swiftLoggingService0 is starting {"logfile": "/fs/student/mdtang/finalECE122A/logs_mdtang/logs0/LoggingService0.log"}
[2024-12-10 23:09:38.769 -0800] [PROCESS] [cadence.virtuoso.ade.gui] - /fs/student/mdtang/finalECE122A/.tmp_mdtang/.cmddir0/swiftNetlistService1 is starting {"logfile": "/fs/student/mdtang/finalECE122A/logs_mdtang/logs0/Service1.log"}
[2024-12-10 23:09:38.770 -0800] [PROCESS] [cadence.virtuoso.ade.gui] - Logging Service '43561' is starting up on host 'ecellvm-20.engr.ucsb.edu' {"logfile": "/fs/student/mdtang/finalECE122A/logs_mdtang/logs0/LoggingService0.log"}
[2024-12-10 23:09:40.228 -0800] [PROCESS] [cadence.virtuoso.ade.gui] - Netlist Service '43578' is starting up on host 'ecellvm-20.engr.ucsb.edu' {"logfile": "/fs/student/mdtang/finalECE122A/logs_mdtang/logs0/Service1.log"}
[2024-12-10 23:11:17.725 -0800] [EVENT] [cadence.virtuoso.ade.gui] - NewHistoryCreated {"history": "Interactive.0", "event": "NewHistoryCreated", "EventSource": "ADE GUI", "HistoryName": "Interactive.0", "WorkDir": "/fs/student/mdtang/finalECE122A", "HistorySimDir": "/fs/student/mdtang/simulation/adder/carry-save_tb/maestro/results/maestro/Interactive.0", "HistoryResultsDir": "/fs/student/mdtang/finalECE122A/adder/carry#2dsave_tb/maestro/results/maestro"}
[2024-12-10 23:11:17.729 -0800] [PROCESS] [cadence.virtuoso.ade.gui] - History Setup {"hostname": "ecellvm-20.engr.ucsb.edu", "processid": 32537, "history": "Interactive.0", "logfile": "/fs/student/mdtang/finalECE122A/logs_mdtang/logs0/virtuoso_ade_debug.log", "jobmode": "LSCS", "runmode": "Single Run, Sweeps and Corners", "lib": "adder", "cell": "carry-save_tb", "view": "maestro", "icversion": "sub-version  ICADVM20.1-64b.500.34 ", "runstart": "Tue Dec 10 23:11:17 2024\n", "timezonelocal": "+000", "spectreversion": "unknown", "jobpolicyname": "", "maxjobs": "unknown", "ncjobpolicyname": "", "ncmaxjobs": "unknown", "numtests": "1", "runfinished": "unknown", "runelapsed": "-1", "numcorners": "1"}
[2024-12-10 23:11:18.909 -0800] [WARN] [cadence.virtuoso.ade.gui] - Could not find log file for Same Process Job 0. Log message for this job will be printed in the CDS log file. {"history": "Interactive.0", "testname": "adder_carry-save_tb_1", "detailed_message": "", "message_id": "ASSEMBLER-5028"}
[2024-12-10 23:11:19.965 -0800] [EVENT] [cadence.virtuoso.ade.pointevaluator] - NewPoint {"history": "Interactive.0", "point": 1, "testname": "adder_carry-save_tb_1", "event": "NewPoint", "EventSource": "ADE GUI", "HistoryName": "Interactive.0", "logFile": "/fs/student/mdtang/finalECE122A/logs_mdtang/logs0/virtuoso_ade_debug.log", "logFileSize": "2443"}
[2024-12-10 23:11:19.965 -0800] [INFO] [cadence.virtuoso.ade.pointevaluator] - Started netlisting {"history": "Interactive.0", "point": 1, "testname": "adder_carry-save_tb_1"}
[2024-12-10 23:11:24.353 -0800] [INFO] [cadence.virtuoso.ade.pointevaluator] - Finished netlisting {"history": "Interactive.0", "point": 1, "testname": "adder_carry-save_tb_1"}
[2024-12-10 23:11:24.353 -0800] [INFO] [cadence.virtuoso.ade.pointevaluator] - Submitted {"history": "Interactive.0", "point": 1, "testname": "adder_carry-save_tb_1"}
[2024-12-10 23:11:24.749 -0800] [PROCESS] [cadence.virtuoso.ade.gui] - /fs/student/mdtang/finalECE122A/.tmp_mdtang/.cmddir0/swiftJob2 is starting {"logfile": "/fs/student/mdtang/finalECE122A/logs_mdtang/logs0/Job2.log"}
[2024-12-10 23:11:25.053 -0800] [PROCESS] [cadence.virtuoso.ade.gui] - Simulation Monitor process '44688' is starting up on host 'ecellvm-20.engr.ucsb.edu' {"logfile": "/fs/student/mdtang/finalECE122A/logs_mdtang/logs0/Job2.log"}
[2024-12-10 23:11:29.489 -0800] [PROCESS] [cadence.virtuoso.ade.gui] - ln: failed to create symbolic link '/fs/student/mdtang/simulation/adder/carry-save_tb/maestro/results/maestro/Interactive.0/1/adder_carry-save_tb_1/netlist/exprOutputs.log': File exists
 {"logfile": "/fs/student/mdtang/finalECE122A/logs_mdtang/logs0/Job2.log"}
[2024-12-10 23:11:29.499 -0800] [PROCESS] [cadence.virtuoso.ade.gui] - ln: failed to create symbolic link '/fs/student/mdtang/simulation/adder/carry-save_tb/maestro/results/maestro/Interactive.0/1/adder_carry-save_tb_1/netlist/amps_evaluator.log': File exists
 {"logfile": "/fs/student/mdtang/finalECE122A/logs_mdtang/logs0/Job2.log"}
[2024-12-10 23:11:31.675 -0800] [INFO] [cadence.virtuoso.ade.gui] - Point completed {"history": "Interactive.0", "point": 1, "testname": "adder_carry-save_tb_1"}
[2024-12-10 23:11:32.179 -0800] [EVENT] [cadence.virtuoso.ade.gui] - HistoryFinished {"history": "Interactive.0", "point": 1, "testname": "adder_carry-save_tb_1", "event": "HistoryFinished", "EventSource": "ADE GUI", "HistoryName": "Interactive.0"}
[2024-12-10 23:14:52.464 -0800] [PROCESS] [cadence.virtuoso.ade.gui] - Netlist Service '43578' stopped with exit code '0' {"logfile": "/fs/student/mdtang/finalECE122A/logs_mdtang/logs0/Service1.log"}
[2024-12-10 23:15:39.104 -0800] [EVENT] [cadence.virtuoso.ade.gui] - NewHistoryCreated {"history": "Interactive.1", "point": 1, "testname": "adder_carry-save_tb_1", "event": "NewHistoryCreated", "EventSource": "ADE GUI", "HistoryName": "Interactive.1", "WorkDir": "/fs/student/mdtang/finalECE122A", "HistorySimDir": "/fs/student/mdtang/simulation/adder/carry-save_tb/maestro/results/maestro/Interactive.1", "HistoryResultsDir": "/fs/student/mdtang/finalECE122A/adder/carry#2dsave_tb/maestro/results/maestro"}
[2024-12-10 23:15:39.106 -0800] [PROCESS] [cadence.virtuoso.ade.gui] - History Setup {"hostname": "ecellvm-20.engr.ucsb.edu", "processid": 32537, "history": "Interactive.1", "testname": "adder_carry-save_tb_1", "point": 1, "logfile": "/fs/student/mdtang/finalECE122A/logs_mdtang/logs0/virtuoso_ade_debug.log", "jobmode": "LSCS", "runmode": "Single Run, Sweeps and Corners", "lib": "adder", "cell": "carry-save_tb", "view": "maestro", "icversion": "sub-version  ICADVM20.1-64b.500.34 ", "runstart": "Tue Dec 10 23:15:39 2024\n", "timezonelocal": "+000", "spectreversion": "unknown", "jobpolicyname": "", "maxjobs": "unknown", "ncjobpolicyname": "", "ncmaxjobs": "unknown", "numtests": "1", "runfinished": "unknown", "runelapsed": "-1", "numcorners": "1"}
[2024-12-10 23:15:41.879 -0800] [EVENT] [cadence.virtuoso.ade.pointevaluator] - NewPoint {"history": "Interactive.1", "point": 1, "testname": "adder_carry-save_tb_1", "event": "NewPoint", "EventSource": "ADE GUI", "HistoryName": "Interactive.1", "logFile": "/fs/student/mdtang/finalECE122A/logs_mdtang/logs0/virtuoso_ade_debug.log", "logFileSize": "6310"}
[2024-12-10 23:15:41.879 -0800] [INFO] [cadence.virtuoso.ade.pointevaluator] - Started netlisting {"history": "Interactive.1", "point": 1, "testname": "adder_carry-save_tb_1"}
[2024-12-10 23:15:47.037 -0800] [INFO] [cadence.virtuoso.ade.pointevaluator] - Finished netlisting {"history": "Interactive.1", "point": 1, "testname": "adder_carry-save_tb_1"}
[2024-12-10 23:15:47.037 -0800] [INFO] [cadence.virtuoso.ade.pointevaluator] - Submitted {"history": "Interactive.1", "point": 1, "testname": "adder_carry-save_tb_1"}
[2024-12-10 23:15:50.399 -0800] [PROCESS] [cadence.virtuoso.ade.gui] - ln: failed to create symbolic link '/fs/student/mdtang/simulation/adder/carry-save_tb/maestro/results/maestro/Interactive.1/1/adder_carry-save_tb_1/netlist/exprOutputs.log': File exists
 {"logfile": "/fs/student/mdtang/finalECE122A/logs_mdtang/logs0/Job2.log"}
[2024-12-10 23:15:50.411 -0800] [PROCESS] [cadence.virtuoso.ade.gui] - ln: failed to create symbolic link '/fs/student/mdtang/simulation/adder/carry-save_tb/maestro/results/maestro/Interactive.1/1/adder_carry-save_tb_1/netlist/amps_evaluator.log': File exists
 {"logfile": "/fs/student/mdtang/finalECE122A/logs_mdtang/logs0/Job2.log"}
[2024-12-10 23:15:53.677 -0800] [INFO] [cadence.virtuoso.ade.gui] - Point completed {"history": "Interactive.1", "point": 1, "testname": "adder_carry-save_tb_1"}
[2024-12-10 23:15:53.877 -0800] [EVENT] [cadence.virtuoso.ade.gui] - HistoryFinished {"history": "Interactive.1", "point": 1, "testname": "adder_carry-save_tb_1", "event": "HistoryFinished", "EventSource": "ADE GUI", "HistoryName": "Interactive.1"}
[2024-12-10 23:19:54.142 -0800] [EVENT] [cadence.virtuoso.ade.gui] - NewHistoryCreated {"history": "Interactive.2", "point": 1, "testname": "adder_carry-save_tb_1", "event": "NewHistoryCreated", "EventSource": "ADE GUI", "HistoryName": "Interactive.2", "WorkDir": "/fs/student/mdtang/finalECE122A", "HistorySimDir": "/fs/student/mdtang/simulation/adder/carry-save_tb/maestro/results/maestro/Interactive.2", "HistoryResultsDir": "/fs/student/mdtang/finalECE122A/adder/carry#2dsave_tb/maestro/results/maestro"}
[2024-12-10 23:19:54.144 -0800] [PROCESS] [cadence.virtuoso.ade.gui] - History Setup {"hostname": "ecellvm-20.engr.ucsb.edu", "processid": 32537, "history": "Interactive.2", "testname": "adder_carry-save_tb_1", "point": 1, "logfile": "/fs/student/mdtang/finalECE122A/logs_mdtang/logs0/virtuoso_ade_debug.log", "jobmode": "LSCS", "runmode": "Single Run, Sweeps and Corners", "lib": "adder", "cell": "carry-save_tb", "view": "maestro", "icversion": "sub-version  ICADVM20.1-64b.500.34 ", "runstart": "Tue Dec 10 23:19:54 2024\n", "timezonelocal": "+000", "spectreversion": "unknown", "jobpolicyname": "", "maxjobs": "unknown", "ncjobpolicyname": "", "ncmaxjobs": "unknown", "numtests": "1", "runfinished": "unknown", "runelapsed": "-1", "numcorners": "1"}
[2024-12-10 23:19:57.223 -0800] [EVENT] [cadence.virtuoso.ade.pointevaluator] - NewPoint {"history": "Interactive.2", "point": 1, "testname": "adder_carry-save_tb_1", "event": "NewPoint", "EventSource": "ADE GUI", "HistoryName": "Interactive.2", "logFile": "/fs/student/mdtang/finalECE122A/logs_mdtang/logs0/virtuoso_ade_debug.log", "logFileSize": "9527"}
[2024-12-10 23:19:57.224 -0800] [INFO] [cadence.virtuoso.ade.pointevaluator] - Started netlisting {"history": "Interactive.2", "point": 1, "testname": "adder_carry-save_tb_1"}
[2024-12-10 23:20:02.579 -0800] [INFO] [cadence.virtuoso.ade.pointevaluator] - Finished netlisting {"history": "Interactive.2", "point": 1, "testname": "adder_carry-save_tb_1"}
[2024-12-10 23:20:02.579 -0800] [INFO] [cadence.virtuoso.ade.pointevaluator] - Submitted {"history": "Interactive.2", "point": 1, "testname": "adder_carry-save_tb_1"}
[2024-12-10 23:20:05.960 -0800] [PROCESS] [cadence.virtuoso.ade.gui] - ln: failed to create symbolic link '/fs/student/mdtang/simulation/adder/carry-save_tb/maestro/results/maestro/Interactive.2/1/adder_carry-save_tb_1/netlist/exprOutputs.log': File exists
 {"logfile": "/fs/student/mdtang/finalECE122A/logs_mdtang/logs0/Job2.log"}
[2024-12-10 23:20:05.972 -0800] [PROCESS] [cadence.virtuoso.ade.gui] - ln: failed to create symbolic link '/fs/student/mdtang/simulation/adder/carry-save_tb/maestro/results/maestro/Interactive.2/1/adder_carry-save_tb_1/netlist/amps_evaluator.log': File exists
 {"logfile": "/fs/student/mdtang/finalECE122A/logs_mdtang/logs0/Job2.log"}
[2024-12-10 23:20:08.678 -0800] [INFO] [cadence.virtuoso.ade.gui] - Point completed {"history": "Interactive.2", "point": 1, "testname": "adder_carry-save_tb_1"}
[2024-12-10 23:20:08.885 -0800] [EVENT] [cadence.virtuoso.ade.gui] - HistoryFinished {"history": "Interactive.2", "point": 1, "testname": "adder_carry-save_tb_1", "event": "HistoryFinished", "EventSource": "ADE GUI", "HistoryName": "Interactive.2"}
[2024-12-10 23:22:56.154 -0800] [EVENT] [cadence.virtuoso.ade.gui] - NewHistoryCreated {"history": "Interactive.3", "point": 1, "testname": "adder_carry-save_tb_1", "event": "NewHistoryCreated", "EventSource": "ADE GUI", "HistoryName": "Interactive.3", "WorkDir": "/fs/student/mdtang/finalECE122A", "HistorySimDir": "/fs/student/mdtang/simulation/adder/carry-save_tb/maestro/results/maestro/Interactive.3", "HistoryResultsDir": "/fs/student/mdtang/finalECE122A/adder/carry#2dsave_tb/maestro/results/maestro"}
[2024-12-10 23:22:56.156 -0800] [PROCESS] [cadence.virtuoso.ade.gui] - History Setup {"hostname": "ecellvm-20.engr.ucsb.edu", "processid": 32537, "history": "Interactive.3", "testname": "adder_carry-save_tb_1", "point": 1, "logfile": "/fs/student/mdtang/finalECE122A/logs_mdtang/logs0/virtuoso_ade_debug.log", "jobmode": "LSCS", "runmode": "Single Run, Sweeps and Corners", "lib": "adder", "cell": "carry-save_tb", "view": "maestro", "icversion": "sub-version  ICADVM20.1-64b.500.34 ", "runstart": "Tue Dec 10 23:22:56 2024\n", "timezonelocal": "+000", "spectreversion": "unknown", "jobpolicyname": "", "maxjobs": "unknown", "ncjobpolicyname": "", "ncmaxjobs": "unknown", "numtests": "1", "runfinished": "unknown", "runelapsed": "-1", "numcorners": "1"}
[2024-12-10 23:22:59.248 -0800] [EVENT] [cadence.virtuoso.ade.pointevaluator] - NewPoint {"history": "Interactive.3", "point": 1, "testname": "adder_carry-save_tb_1", "event": "NewPoint", "EventSource": "ADE GUI", "HistoryName": "Interactive.3", "logFile": "/fs/student/mdtang/finalECE122A/logs_mdtang/logs0/virtuoso_ade_debug.log", "logFileSize": "12744"}
[2024-12-10 23:22:59.249 -0800] [INFO] [cadence.virtuoso.ade.pointevaluator] - Started netlisting {"history": "Interactive.3", "point": 1, "testname": "adder_carry-save_tb_1"}
[2024-12-10 23:23:04.576 -0800] [INFO] [cadence.virtuoso.ade.pointevaluator] - Finished netlisting {"history": "Interactive.3", "point": 1, "testname": "adder_carry-save_tb_1"}
[2024-12-10 23:23:04.577 -0800] [INFO] [cadence.virtuoso.ade.pointevaluator] - Submitted {"history": "Interactive.3", "point": 1, "testname": "adder_carry-save_tb_1"}
[2024-12-10 23:23:07.927 -0800] [PROCESS] [cadence.virtuoso.ade.gui] - ln: failed to create symbolic link '/fs/student/mdtang/simulation/adder/carry-save_tb/maestro/results/maestro/Interactive.3/1/adder_carry-save_tb_1/netlist/exprOutputs.log': File exists
 {"logfile": "/fs/student/mdtang/finalECE122A/logs_mdtang/logs0/Job2.log"}
[2024-12-10 23:23:07.940 -0800] [PROCESS] [cadence.virtuoso.ade.gui] - ln: failed to create symbolic link '/fs/student/mdtang/simulation/adder/carry-save_tb/maestro/results/maestro/Interactive.3/1/adder_carry-save_tb_1/netlist/amps_evaluator.log': File exists
 {"logfile": "/fs/student/mdtang/finalECE122A/logs_mdtang/logs0/Job2.log"}
[2024-12-10 23:23:10.684 -0800] [INFO] [cadence.virtuoso.ade.gui] - Point completed {"history": "Interactive.3", "point": 1, "testname": "adder_carry-save_tb_1"}
[2024-12-10 23:23:10.880 -0800] [EVENT] [cadence.virtuoso.ade.gui] - HistoryFinished {"history": "Interactive.3", "point": 1, "testname": "adder_carry-save_tb_1", "event": "HistoryFinished", "EventSource": "ADE GUI", "HistoryName": "Interactive.3"}
[2024-12-10 23:29:50.995 -0800] [EVENT] [cadence.virtuoso.ade.gui] - NewHistoryCreated {"history": "Interactive.4", "point": 1, "testname": "adder_carry-save_tb_1", "event": "NewHistoryCreated", "EventSource": "ADE GUI", "HistoryName": "Interactive.4", "WorkDir": "/fs/student/mdtang/finalECE122A", "HistorySimDir": "/fs/student/mdtang/simulation/adder/carry-save_tb/maestro/results/maestro/Interactive.4", "HistoryResultsDir": "/fs/student/mdtang/finalECE122A/adder/carry#2dsave_tb/maestro/results/maestro"}
[2024-12-10 23:29:50.997 -0800] [PROCESS] [cadence.virtuoso.ade.gui] - History Setup {"hostname": "ecellvm-20.engr.ucsb.edu", "processid": 32537, "history": "Interactive.4", "testname": "adder_carry-save_tb_1", "point": 1, "logfile": "/fs/student/mdtang/finalECE122A/logs_mdtang/logs0/virtuoso_ade_debug.log", "jobmode": "LSCS", "runmode": "Single Run, Sweeps and Corners", "lib": "adder", "cell": "carry-save_tb", "view": "maestro", "icversion": "sub-version  ICADVM20.1-64b.500.34 ", "runstart": "Tue Dec 10 23:29:50 2024\n", "timezonelocal": "+000", "spectreversion": "unknown", "jobpolicyname": "", "maxjobs": "unknown", "ncjobpolicyname": "", "ncmaxjobs": "unknown", "numtests": "1", "runfinished": "unknown", "runelapsed": "-1", "numcorners": "1"}
[2024-12-10 23:29:54.000 -0800] [EVENT] [cadence.virtuoso.ade.pointevaluator] - NewPoint {"history": "Interactive.4", "point": 1, "testname": "adder_carry-save_tb_1", "event": "NewPoint", "EventSource": "ADE GUI", "HistoryName": "Interactive.4", "logFile": "/fs/student/mdtang/finalECE122A/logs_mdtang/logs0/virtuoso_ade_debug.log", "logFileSize": "15962"}
[2024-12-10 23:29:54.001 -0800] [INFO] [cadence.virtuoso.ade.pointevaluator] - Started netlisting {"history": "Interactive.4", "point": 1, "testname": "adder_carry-save_tb_1"}
[2024-12-10 23:30:01.064 -0800] [INFO] [cadence.virtuoso.ade.pointevaluator] - Finished netlisting {"history": "Interactive.4", "point": 1, "testname": "adder_carry-save_tb_1"}
[2024-12-10 23:30:01.064 -0800] [INFO] [cadence.virtuoso.ade.pointevaluator] - Submitted {"history": "Interactive.4", "point": 1, "testname": "adder_carry-save_tb_1"}
[2024-12-10 23:30:01.524 -0800] [PROCESS] [cadence.virtuoso.ade.gui] - /fs/student/mdtang/finalECE122A/.tmp_mdtang/.cmddir0/swiftJob3 is starting {"logfile": "/fs/student/mdtang/finalECE122A/logs_mdtang/logs0/Job3.log"}
[2024-12-10 23:30:01.993 -0800] [PROCESS] [cadence.virtuoso.ade.gui] - Simulation Monitor process '50952' is starting up on host 'ecellvm-20.engr.ucsb.edu' {"logfile": "/fs/student/mdtang/finalECE122A/logs_mdtang/logs0/Job3.log"}
[2024-12-10 23:30:05.426 -0800] [PROCESS] [cadence.virtuoso.ade.gui] - ln: failed to create symbolic link '/fs/student/mdtang/simulation/adder/carry-save_tb/maestro/results/maestro/Interactive.4/1/adder_carry-save_tb_1/netlist/exprOutputs.log': File exists
 {"logfile": "/fs/student/mdtang/finalECE122A/logs_mdtang/logs0/Job3.log"}
[2024-12-10 23:30:05.433 -0800] [PROCESS] [cadence.virtuoso.ade.gui] - ln: failed to create symbolic link '/fs/student/mdtang/simulation/adder/carry-save_tb/maestro/results/maestro/Interactive.4/1/adder_carry-save_tb_1/netlist/amps_evaluator.log': File exists
 {"logfile": "/fs/student/mdtang/finalECE122A/logs_mdtang/logs0/Job3.log"}
[2024-12-10 23:30:07.678 -0800] [INFO] [cadence.virtuoso.ade.gui] - Point completed {"history": "Interactive.4", "point": 1, "testname": "adder_carry-save_tb_1"}
[2024-12-10 23:30:07.920 -0800] [EVENT] [cadence.virtuoso.ade.gui] - HistoryFinished {"history": "Interactive.4", "point": 1, "testname": "adder_carry-save_tb_1", "event": "HistoryFinished", "EventSource": "ADE GUI", "HistoryName": "Interactive.4"}
[2024-12-10 23:30:51.201 -0800] [EVENT] [cadence.virtuoso.ade.gui] - NewHistoryCreated {"history": "Interactive.5", "point": 1, "testname": "adder_carry-save_tb_1", "event": "NewHistoryCreated", "EventSource": "ADE GUI", "HistoryName": "Interactive.5", "WorkDir": "/fs/student/mdtang/finalECE122A", "HistorySimDir": "/fs/student/mdtang/simulation/adder/carry-save_tb/maestro/results/maestro/Interactive.5", "HistoryResultsDir": "/fs/student/mdtang/finalECE122A/adder/carry#2dsave_tb/maestro/results/maestro"}
[2024-12-10 23:30:51.203 -0800] [PROCESS] [cadence.virtuoso.ade.gui] - History Setup {"hostname": "ecellvm-20.engr.ucsb.edu", "processid": 32537, "history": "Interactive.5", "testname": "adder_carry-save_tb_1", "point": 1, "logfile": "/fs/student/mdtang/finalECE122A/logs_mdtang/logs0/virtuoso_ade_debug.log", "jobmode": "LSCS", "runmode": "Single Run, Sweeps and Corners", "lib": "adder", "cell": "carry-save_tb", "view": "maestro", "icversion": "sub-version  ICADVM20.1-64b.500.34 ", "runstart": "Tue Dec 10 23:30:51 2024\n", "timezonelocal": "+000", "spectreversion": "unknown", "jobpolicyname": "", "maxjobs": "unknown", "ncjobpolicyname": "", "ncmaxjobs": "unknown", "numtests": "1", "runfinished": "unknown", "runelapsed": "-1", "numcorners": "1"}
[2024-12-10 23:30:54.929 -0800] [EVENT] [cadence.virtuoso.ade.pointevaluator] - NewPoint {"history": "Interactive.5", "point": 1, "testname": "adder_carry-save_tb_1", "event": "NewPoint", "EventSource": "ADE GUI", "HistoryName": "Interactive.5", "logFile": "/fs/student/mdtang/finalECE122A/logs_mdtang/logs0/virtuoso_ade_debug.log", "logFileSize": "19630"}
[2024-12-10 23:30:54.930 -0800] [INFO] [cadence.virtuoso.ade.pointevaluator] - Started netlisting {"history": "Interactive.5", "point": 1, "testname": "adder_carry-save_tb_1"}
[2024-12-10 23:31:02.823 -0800] [INFO] [cadence.virtuoso.ade.pointevaluator] - Finished netlisting {"history": "Interactive.5", "point": 1, "testname": "adder_carry-save_tb_1"}
[2024-12-10 23:31:02.823 -0800] [INFO] [cadence.virtuoso.ade.pointevaluator] - Submitted {"history": "Interactive.5", "point": 1, "testname": "adder_carry-save_tb_1"}
[2024-12-10 23:31:06.293 -0800] [PROCESS] [cadence.virtuoso.ade.gui] - ln: failed to create symbolic link '/fs/student/mdtang/simulation/adder/carry-save_tb/maestro/results/maestro/Interactive.5/1/adder_carry-save_tb_1/netlist/exprOutputs.log': File exists
 {"logfile": "/fs/student/mdtang/finalECE122A/logs_mdtang/logs0/Job3.log"}
[2024-12-10 23:31:06.316 -0800] [PROCESS] [cadence.virtuoso.ade.gui] - ln: failed to create symbolic link '/fs/student/mdtang/simulation/adder/carry-save_tb/maestro/results/maestro/Interactive.5/1/adder_carry-save_tb_1/netlist/amps_evaluator.log': File exists
 {"logfile": "/fs/student/mdtang/finalECE122A/logs_mdtang/logs0/Job3.log"}
[2024-12-10 23:31:08.678 -0800] [INFO] [cadence.virtuoso.ade.gui] - Point completed {"history": "Interactive.5", "point": 1, "testname": "adder_carry-save_tb_1"}
[2024-12-10 23:31:08.913 -0800] [EVENT] [cadence.virtuoso.ade.gui] - HistoryFinished {"history": "Interactive.5", "point": 1, "testname": "adder_carry-save_tb_1", "event": "HistoryFinished", "EventSource": "ADE GUI", "HistoryName": "Interactive.5"}
[2024-12-10 23:33:49.119 -0800] [EVENT] [cadence.virtuoso.ade.gui] - NewHistoryCreated {"history": "Interactive.6", "point": 1, "testname": "adder_carry-save_tb_1", "event": "NewHistoryCreated", "EventSource": "ADE GUI", "HistoryName": "Interactive.6", "WorkDir": "/fs/student/mdtang/finalECE122A", "HistorySimDir": "/fs/student/mdtang/simulation/adder/carry-save_tb/maestro/results/maestro/Interactive.6", "HistoryResultsDir": "/fs/student/mdtang/finalECE122A/adder/carry#2dsave_tb/maestro/results/maestro"}
[2024-12-10 23:33:49.121 -0800] [PROCESS] [cadence.virtuoso.ade.gui] - History Setup {"hostname": "ecellvm-20.engr.ucsb.edu", "processid": 32537, "history": "Interactive.6", "testname": "adder_carry-save_tb_1", "point": 1, "logfile": "/fs/student/mdtang/finalECE122A/logs_mdtang/logs0/virtuoso_ade_debug.log", "jobmode": "LSCS", "runmode": "Single Run, Sweeps and Corners", "lib": "adder", "cell": "carry-save_tb", "view": "maestro", "icversion": "sub-version  ICADVM20.1-64b.500.34 ", "runstart": "Tue Dec 10 23:33:49 2024\n", "timezonelocal": "+000", "spectreversion": "unknown", "jobpolicyname": "", "maxjobs": "unknown", "ncjobpolicyname": "", "ncmaxjobs": "unknown", "numtests": "1", "runfinished": "unknown", "runelapsed": "-1", "numcorners": "1"}
[2024-12-10 23:33:52.094 -0800] [EVENT] [cadence.virtuoso.ade.pointevaluator] - NewPoint {"history": "Interactive.6", "point": 1, "testname": "adder_carry-save_tb_1", "event": "NewPoint", "EventSource": "ADE GUI", "HistoryName": "Interactive.6", "logFile": "/fs/student/mdtang/finalECE122A/logs_mdtang/logs0/virtuoso_ade_debug.log", "logFileSize": "22848"}
[2024-12-10 23:33:52.095 -0800] [INFO] [cadence.virtuoso.ade.pointevaluator] - Started netlisting {"history": "Interactive.6", "point": 1, "testname": "adder_carry-save_tb_1"}
[2024-12-10 23:33:57.236 -0800] [INFO] [cadence.virtuoso.ade.pointevaluator] - Finished netlisting {"history": "Interactive.6", "point": 1, "testname": "adder_carry-save_tb_1"}
[2024-12-10 23:33:57.236 -0800] [INFO] [cadence.virtuoso.ade.pointevaluator] - Submitted {"history": "Interactive.6", "point": 1, "testname": "adder_carry-save_tb_1"}
[2024-12-10 23:34:00.594 -0800] [PROCESS] [cadence.virtuoso.ade.gui] - ln: failed to create symbolic link '/fs/student/mdtang/simulation/adder/carry-save_tb/maestro/results/maestro/Interactive.6/1/adder_carry-save_tb_1/netlist/exprOutputs.log': File exists
 {"logfile": "/fs/student/mdtang/finalECE122A/logs_mdtang/logs0/Job3.log"}
[2024-12-10 23:34:00.619 -0800] [PROCESS] [cadence.virtuoso.ade.gui] - ln: failed to create symbolic link '/fs/student/mdtang/simulation/adder/carry-save_tb/maestro/results/maestro/Interactive.6/1/adder_carry-save_tb_1/netlist/amps_evaluator.log': File exists
 {"logfile": "/fs/student/mdtang/finalECE122A/logs_mdtang/logs0/Job3.log"}
[2024-12-10 23:34:03.683 -0800] [INFO] [cadence.virtuoso.ade.gui] - Point completed {"history": "Interactive.6", "point": 1, "testname": "adder_carry-save_tb_1"}
[2024-12-10 23:34:03.881 -0800] [EVENT] [cadence.virtuoso.ade.gui] - HistoryFinished {"history": "Interactive.6", "point": 1, "testname": "adder_carry-save_tb_1", "event": "HistoryFinished", "EventSource": "ADE GUI", "HistoryName": "Interactive.6"}
[2024-12-10 23:40:58.952 -0800] [EVENT] [cadence.virtuoso.ade.gui] - NewHistoryCreated {"history": "Interactive.7", "point": 1, "testname": "adder_carry-save_tb_1", "event": "NewHistoryCreated", "EventSource": "ADE GUI", "HistoryName": "Interactive.7", "WorkDir": "/fs/student/mdtang/finalECE122A", "HistorySimDir": "/fs/student/mdtang/simulation/adder/carry-save_tb/maestro/results/maestro/Interactive.7", "HistoryResultsDir": "/fs/student/mdtang/finalECE122A/adder/carry#2dsave_tb/maestro/results/maestro"}
[2024-12-10 23:40:58.955 -0800] [PROCESS] [cadence.virtuoso.ade.gui] - History Setup {"hostname": "ecellvm-20.engr.ucsb.edu", "processid": 32537, "history": "Interactive.7", "testname": "adder_carry-save_tb_1", "point": 1, "logfile": "/fs/student/mdtang/finalECE122A/logs_mdtang/logs0/virtuoso_ade_debug.log", "jobmode": "LSCS", "runmode": "Single Run, Sweeps and Corners", "lib": "adder", "cell": "carry-save_tb", "view": "maestro", "icversion": "sub-version  ICADVM20.1-64b.500.34 ", "runstart": "Tue Dec 10 23:40:58 2024\n", "timezonelocal": "+000", "spectreversion": "unknown", "jobpolicyname": "", "maxjobs": "unknown", "ncjobpolicyname": "", "ncmaxjobs": "unknown", "numtests": "1", "runfinished": "unknown", "runelapsed": "-1", "numcorners": "1"}
[2024-12-10 23:41:03.130 -0800] [EVENT] [cadence.virtuoso.ade.pointevaluator] - NewPoint {"history": "Interactive.7", "point": 1, "testname": "adder_carry-save_tb_1", "event": "NewPoint", "EventSource": "ADE GUI", "HistoryName": "Interactive.7", "logFile": "/fs/student/mdtang/finalECE122A/logs_mdtang/logs0/virtuoso_ade_debug.log", "logFileSize": "26066"}
[2024-12-10 23:41:03.131 -0800] [INFO] [cadence.virtuoso.ade.pointevaluator] - Started netlisting {"history": "Interactive.7", "point": 1, "testname": "adder_carry-save_tb_1"}
[2024-12-10 23:41:10.734 -0800] [INFO] [cadence.virtuoso.ade.pointevaluator] - Finished netlisting {"history": "Interactive.7", "point": 1, "testname": "adder_carry-save_tb_1"}
[2024-12-10 23:41:10.734 -0800] [INFO] [cadence.virtuoso.ade.pointevaluator] - Submitted {"history": "Interactive.7", "point": 1, "testname": "adder_carry-save_tb_1"}
[2024-12-10 23:41:11.323 -0800] [PROCESS] [cadence.virtuoso.ade.gui] - /fs/student/mdtang/finalECE122A/.tmp_mdtang/.cmddir0/swiftJob4 is starting {"logfile": "/fs/student/mdtang/finalECE122A/logs_mdtang/logs0/Job4.log"}
[2024-12-10 23:41:11.624 -0800] [PROCESS] [cadence.virtuoso.ade.gui] - Simulation Monitor process '54576' is starting up on host 'ecellvm-20.engr.ucsb.edu' {"logfile": "/fs/student/mdtang/finalECE122A/logs_mdtang/logs0/Job4.log"}
[2024-12-10 23:41:15.602 -0800] [PROCESS] [cadence.virtuoso.ade.gui] - ln: failed to create symbolic link '/fs/student/mdtang/simulation/adder/carry-save_tb/maestro/results/maestro/Interactive.7/1/adder_carry-save_tb_1/netlist/exprOutputs.log': File exists
 {"logfile": "/fs/student/mdtang/finalECE122A/logs_mdtang/logs0/Job4.log"}
[2024-12-10 23:41:15.637 -0800] [PROCESS] [cadence.virtuoso.ade.gui] - ln: failed to create symbolic link '/fs/student/mdtang/simulation/adder/carry-save_tb/maestro/results/maestro/Interactive.7/1/adder_carry-save_tb_1/netlist/amps_evaluator.log': File exists
 {"logfile": "/fs/student/mdtang/finalECE122A/logs_mdtang/logs0/Job4.log"}
[2024-12-10 23:41:17.676 -0800] [INFO] [cadence.virtuoso.ade.gui] - Point completed {"history": "Interactive.7", "point": 1, "testname": "adder_carry-save_tb_1"}
[2024-12-10 23:41:17.924 -0800] [EVENT] [cadence.virtuoso.ade.gui] - HistoryFinished {"history": "Interactive.7", "point": 1, "testname": "adder_carry-save_tb_1", "event": "HistoryFinished", "EventSource": "ADE GUI", "HistoryName": "Interactive.7"}
[2024-12-10 23:42:49.826 -0800] [EVENT] [cadence.virtuoso.ade.gui] - NewHistoryCreated {"history": "Interactive.8", "point": 1, "testname": "adder_carry-save_tb_1", "event": "NewHistoryCreated", "EventSource": "ADE GUI", "HistoryName": "Interactive.8", "WorkDir": "/fs/student/mdtang/finalECE122A", "HistorySimDir": "/fs/student/mdtang/simulation/adder/carry-save_tb/maestro/results/maestro/Interactive.8", "HistoryResultsDir": "/fs/student/mdtang/finalECE122A/adder/carry#2dsave_tb/maestro/results/maestro"}
[2024-12-10 23:42:49.828 -0800] [PROCESS] [cadence.virtuoso.ade.gui] - History Setup {"hostname": "ecellvm-20.engr.ucsb.edu", "processid": 32537, "history": "Interactive.8", "testname": "adder_carry-save_tb_1", "point": 1, "logfile": "/fs/student/mdtang/finalECE122A/logs_mdtang/logs0/virtuoso_ade_debug.log", "jobmode": "LSCS", "runmode": "Single Run, Sweeps and Corners", "lib": "adder", "cell": "carry-save_tb", "view": "maestro", "icversion": "sub-version  ICADVM20.1-64b.500.34 ", "runstart": "Tue Dec 10 23:42:49 2024\n", "timezonelocal": "+000", "spectreversion": "unknown", "jobpolicyname": "", "maxjobs": "unknown", "ncjobpolicyname": "", "ncmaxjobs": "unknown", "numtests": "1", "runfinished": "unknown", "runelapsed": "-1", "numcorners": "1"}
[2024-12-10 23:42:53.112 -0800] [EVENT] [cadence.virtuoso.ade.pointevaluator] - NewPoint {"history": "Interactive.8", "point": 1, "testname": "adder_carry-save_tb_1", "event": "NewPoint", "EventSource": "ADE GUI", "HistoryName": "Interactive.8", "logFile": "/fs/student/mdtang/finalECE122A/logs_mdtang/logs0/virtuoso_ade_debug.log", "logFileSize": "29734"}
[2024-12-10 23:42:53.113 -0800] [INFO] [cadence.virtuoso.ade.pointevaluator] - Started netlisting {"history": "Interactive.8", "point": 1, "testname": "adder_carry-save_tb_1"}
[2024-12-10 23:42:58.404 -0800] [INFO] [cadence.virtuoso.ade.pointevaluator] - Finished netlisting {"history": "Interactive.8", "point": 1, "testname": "adder_carry-save_tb_1"}
[2024-12-10 23:42:58.404 -0800] [INFO] [cadence.virtuoso.ade.pointevaluator] - Submitted {"history": "Interactive.8", "point": 1, "testname": "adder_carry-save_tb_1"}
[2024-12-10 23:43:02.267 -0800] [PROCESS] [cadence.virtuoso.ade.gui] - ln: failed to create symbolic link '/fs/student/mdtang/simulation/adder/carry-save_tb/maestro/results/maestro/Interactive.8/1/adder_carry-save_tb_1/netlist/exprOutputs.log': File exists
 {"logfile": "/fs/student/mdtang/finalECE122A/logs_mdtang/logs0/Job4.log"}
[2024-12-10 23:43:02.275 -0800] [PROCESS] [cadence.virtuoso.ade.gui] - ln: failed to create symbolic link '/fs/student/mdtang/simulation/adder/carry-save_tb/maestro/results/maestro/Interactive.8/1/adder_carry-save_tb_1/netlist/amps_evaluator.log': File exists
 {"logfile": "/fs/student/mdtang/finalECE122A/logs_mdtang/logs0/Job4.log"}
[2024-12-10 23:43:04.677 -0800] [INFO] [cadence.virtuoso.ade.gui] - Point completed {"history": "Interactive.8", "point": 1, "testname": "adder_carry-save_tb_1"}
[2024-12-10 23:43:04.887 -0800] [EVENT] [cadence.virtuoso.ade.gui] - HistoryFinished {"history": "Interactive.8", "point": 1, "testname": "adder_carry-save_tb_1", "event": "HistoryFinished", "EventSource": "ADE GUI", "HistoryName": "Interactive.8"}
[2024-12-10 23:58:09.394 -0800] [PROCESS] [cadence.virtuoso.ade.gui] - Logging Service '43561' stopped with exit code '0' {"logfile": "/fs/student/mdtang/finalECE122A/logs_mdtang/logs0/LoggingService0.log"}
